#
# There is insufficient memory for the Java Runtime Environment to continue.
# Native memory allocation (mmap) failed to map 511705088 bytes for G1 virtual space
# Possible reasons:
#   The system is out of physical RAM or swap space
#   The process is running with CompressedOops enabled, and the Java Heap may be blocking the growth of the native heap
# Possible solutions:
#   Reduce memory load on the system
#   Increase physical memory or swap space
#   Check if swap backing store is full
#   Decrease Java heap size (-Xmx/-Xms)
#   Decrease number of Java threads
#   Decrease Java thread stack sizes (-Xss)
#   Set larger code cache with -XX:ReservedCodeCacheSize=
#   JVM is running with Unscaled Compressed Oops mode in which the Java heap is
#     placed in the first 4GB address space. The Java Heap base address is the
#     maximum limit for the native heap growth. Please use -XX:HeapBaseMinAddress
#     to set the Java Heap base and to place the Java Heap above 4GB virtual address.
# This output file may be truncated or incomplete.
#
#  Out of Memory Error (os_windows.cpp:3466), pid=25120, tid=18268
#
# JRE version: OpenJDK Runtime Environment Corretto-16.0.2.7.1 (16.0.2+7) (build 16.0.2+7)
# Java VM: OpenJDK 64-Bit Server VM Corretto-16.0.2.7.1 (16.0.2+7, mixed mode, sharing, tiered, compressed oops, compressed class ptrs, g1 gc, windows-amd64)
# No core dump will be written. Minidumps are not enabled by default on client versions of Windows
#

---------------  S U M M A R Y ------------

Command Line: --module-path=D:/Téléchargements/IntelliJ/SDK-JDK/SDK-17-Win/javafx-sdk-17.0.1/lib --add-modules=javafx.controls,javafx.fxml -Djava.library.path=D:\Téléchargements\IntelliJ\SDK-JDK\jdk-16.0.2\lib -javaagent:D:\Téléchargements\IntelliJ\Installation\IntelliJ IDEA Community Edition 2021.2.3\lib\idea_rt.jar=52101:D:\Téléchargements\IntelliJ\Installation\IntelliJ IDEA Community Edition 2021.2.3\bin -Dfile.encoding=UTF-8 TestMenu

Host: Intel(R) Core(TM) i5-3337U CPU @ 1.80GHz, 4 cores, 7G,  Windows 10 , 64 bit Build 19041 (10.0.19041.1466)
Time: Thu Jan 20 04:17:42 2022 Paris, Madrid elapsed time: 485.119475 seconds (0d 0h 8m 5s)

---------------  T H R E A D  ---------------

Current thread (0x0000022da9dcf7d0):  VMThread "VM Thread" [stack: 0x000000cfa6c00000,0x000000cfa6d00000] [id=18268]

Stack: [0x000000cfa6c00000,0x000000cfa6d00000]
Native frames: (J=compiled Java code, j=interpreted, Vv=VM code, C=native code)
V  [jvm.dll+0x647e0a]
V  [jvm.dll+0x7f0549]
V  [jvm.dll+0x7f1cfe]
V  [jvm.dll+0x7f2343]
V  [jvm.dll+0x23dd88]
V  [jvm.dll+0x644b4a]
V  [jvm.dll+0x639795]
V  [jvm.dll+0x2f66f9]
V  [jvm.dll+0x2fd516]
V  [jvm.dll+0x34999a]
V  [jvm.dll+0x349bdf]
V  [jvm.dll+0x2cc918]
V  [jvm.dll+0x2ca841]
V  [jvm.dll+0x2c9e6c]
V  [jvm.dll+0x30ea03]
V  [jvm.dll+0x7f66fb]
V  [jvm.dll+0x7f72f8]
V  [jvm.dll+0x7f77fd]
V  [jvm.dll+0x7f7ac4]
V  [jvm.dll+0x7f7b8e]
V  [jvm.dll+0x7a223a]
V  [jvm.dll+0x646c46]
C  [ucrtbase.dll+0x21bb2]
C  [KERNEL32.DLL+0x17034]
C  [ntdll.dll+0x52651]

VM_Operation (0x000000cfa8afe458): G1TryInitiateConcMark, mode: safepoint, requested by thread 0x0000022daba66940


---------------  P R O C E S S  ---------------

Threads class SMR info:
_java_thread_list=0x0000022dabe0a310, length=18, elements={
0x0000022da9dd5bd0, 0x0000022da9dd7230, 0x0000022da9de31a0, 0x0000022da9de4cc0,
0x0000022da9de96e0, 0x0000022da9dea0e0, 0x0000022da9deae10, 0x0000022da9e4eec0,
0x0000022da9e5bcc0, 0x0000022d895f6530, 0x0000022dab6f1e10, 0x0000022daa8bf4f0,
0x0000022dab58e250, 0x0000022dab5fc210, 0x0000022daba67e80, 0x0000022daba693c0,
0x0000022daba66940, 0x0000022daba68e70
}

Java Threads: ( => current thread )
  0x0000022da9dd5bd0 JavaThread "Reference Handler" daemon [_thread_blocked, id=27620, stack(0x000000cfa6d00000,0x000000cfa6e00000)]
  0x0000022da9dd7230 JavaThread "Finalizer" daemon [_thread_blocked, id=26236, stack(0x000000cfa6e00000,0x000000cfa6f00000)]
  0x0000022da9de31a0 JavaThread "Signal Dispatcher" daemon [_thread_blocked, id=14840, stack(0x000000cfa6f00000,0x000000cfa7000000)]
  0x0000022da9de4cc0 JavaThread "Attach Listener" daemon [_thread_blocked, id=27292, stack(0x000000cfa7000000,0x000000cfa7100000)]
  0x0000022da9de96e0 JavaThread "Service Thread" daemon [_thread_blocked, id=27264, stack(0x000000cfa7100000,0x000000cfa7200000)]
  0x0000022da9dea0e0 JavaThread "Monitor Deflation Thread" daemon [_thread_blocked, id=6012, stack(0x000000cfa7200000,0x000000cfa7300000)]
  0x0000022da9deae10 JavaThread "C2 CompilerThread0" daemon [_thread_blocked, id=25264, stack(0x000000cfa7300000,0x000000cfa7400000)]
  0x0000022da9e4eec0 JavaThread "C1 CompilerThread0" daemon [_thread_blocked, id=16824, stack(0x000000cfa7400000,0x000000cfa7500000)]
  0x0000022da9e5bcc0 JavaThread "Sweeper thread" daemon [_thread_blocked, id=26756, stack(0x000000cfa7500000,0x000000cfa7600000)]
  0x0000022d895f6530 JavaThread "Common-Cleaner" daemon [_thread_blocked, id=25652, stack(0x000000cfa7600000,0x000000cfa7700000)]
  0x0000022dab6f1e10 JavaThread "Monitor Ctrl-Break" daemon [_thread_in_native, id=26736, stack(0x000000cfa7800000,0x000000cfa7900000)]
  0x0000022daa8bf4f0 JavaThread "Notification Thread" daemon [_thread_blocked, id=20000, stack(0x000000cfa7900000,0x000000cfa7a00000)]
  0x0000022dab58e250 JavaThread "InvokeLaterDispatcher" daemon [_thread_blocked, id=25900, stack(0x000000cfa7e00000,0x000000cfa7f00000)]
  0x0000022dab5fc210 JavaThread "Thread-2" daemon [_thread_in_native, id=24744, stack(0x000000cfa8300000,0x000000cfa8400000)]
  0x0000022daba67e80 JavaThread "Prism Font Disposer" daemon [_thread_blocked, id=25392, stack(0x000000cfa8900000,0x000000cfa8a00000)]
  0x0000022daba693c0 JavaThread "Cleaner-0" daemon [_thread_blocked, id=26764, stack(0x000000cfa8500000,0x000000cfa8600000)]
  0x0000022daba66940 JavaThread "Thread-3" [_thread_blocked, id=24772, stack(0x000000cfa8a00000,0x000000cfa8b00000)]
  0x0000022daba68e70 JavaThread "DestroyJavaVM" [_thread_blocked, id=22096, stack(0x000000cfa6600000,0x000000cfa6700000)]

Other Threads:
=>0x0000022da9dcf7d0 VMThread "VM Thread" [stack: 0x000000cfa6c00000,0x000000cfa6d00000] [id=18268]
  0x0000022daac7dc00 WatcherThread [stack: 0x000000cfa7a00000,0x000000cfa7b00000] [id=21600]
  0x0000022d895556e0 GCTaskThread "GC Thread#0" [stack: 0x000000cfa6700000,0x000000cfa6800000] [id=11104]
  0x0000022dab0e56a0 GCTaskThread "GC Thread#1" [stack: 0x000000cfa7b00000,0x000000cfa7c00000] [id=21484]
  0x0000022dab65c970 GCTaskThread "GC Thread#2" [stack: 0x000000cfa7c00000,0x000000cfa7d00000] [id=26880]
  0x0000022dab696b00 GCTaskThread "GC Thread#3" [stack: 0x000000cfa7d00000,0x000000cfa7e00000] [id=24424]
  0x0000022d895663a0 ConcurrentGCThread "G1 Main Marker" [stack: 0x000000cfa6800000,0x000000cfa6900000] [id=2700]
  0x0000022d89566e10 ConcurrentGCThread "G1 Conc#0" [stack: 0x000000cfa6900000,0x000000cfa6a00000] [id=7948]
  0x0000022d895dfaa0 ConcurrentGCThread "G1 Refine#0" [stack: 0x000000cfa6a00000,0x000000cfa6b00000] [id=21528]
  0x0000022dac256830 ConcurrentGCThread "G1 Refine#1" [stack: 0x000000cfa6500000,0x000000cfa6600000] [id=25696]
  0x0000022dabdc54d0 ConcurrentGCThread "G1 Refine#2" [stack: 0x000000cfa7700000,0x000000cfa7800000] [id=27640]
  0x0000022dabe07cf0 ConcurrentGCThread "G1 Refine#3" [stack: 0x000000cfa7f00000,0x000000cfa8000000] [id=11892]
  0x0000022d895e1530 ConcurrentGCThread "G1 Service" [stack: 0x000000cfa6b00000,0x000000cfa6c00000] [id=26932]

Threads with active compile tasks:

VM state: at safepoint (normal execution)

VM Mutex/Monitor currently owned by a thread:  ([mutex/lock_event])
[0x0000022d89506f20] Threads_lock - owner thread: 0x0000022da9dcf7d0
[0x0000022d89511520] Heap_lock - owner thread: 0x0000022daba66940

Heap address: 0x0000000081c00000, size: 2020 MB, Compressed Oops mode: 32-bit

CDS archive(s) mapped at: [0x0000000800000000-0x0000000800be0000-0x0000000800be0000), size 12451840, SharedBaseAddress: 0x0000000800000000, ArchiveRelocationMode: 0.
Compressed class space mapped at: 0x0000000800c00000-0x0000000840c00000, reserved size: 1073741824
Narrow klass base: 0x0000000800000000, Narrow klass shift: 3, Narrow klass range: 0x100000000

GC Precious Log:
 CPUs: 4 total, 4 available
 Memory: 8077M
 Large Page Support: Disabled
 NUMA Support: Disabled
 Compressed Oops: Enabled (32-bit)
 Heap Region Size: 1M
 Heap Min Capacity: 8M
 Heap Initial Capacity: 128M
 Heap Max Capacity: 2020M
 Pre-touch: Disabled
 Parallel Workers: 4
 Concurrent Workers: 1
 Concurrent Refinement Workers: 4
 Periodic GC: Disabled

Heap:
 garbage-first heap   total 249856K, used 117001K [0x0000000081c00000, 0x0000000100000000)
  region size 1024K, 0 young (0K), 0 survivors (0K)
 Metaspace       used 16339K, committed 16576K, reserved 1064960K
  class space    used 2180K, committed 2304K, reserved 1048576K

Heap Regions: E=young(eden), S=young(survivor), O=old, HS=humongous(starts), HC=humongous(continues), CS=collection set, F=free, OA=open archive, CA=closed archive, TAMS=top-at-mark-start (previous, next)
|   0|0x0000000081c00000, 0x0000000081d00000, 0x0000000081d00000|100%|HS|  |TAMS 0x0000000081d00000, 0x0000000081d00000| Complete 
|   1|0x0000000081d00000, 0x0000000081e00000, 0x0000000081e00000|100%|HC|  |TAMS 0x0000000081e00000, 0x0000000081e00000| Complete 
|   2|0x0000000081e00000, 0x0000000081f00000, 0x0000000081f00000|100%| O|  |TAMS 0x0000000081f00000, 0x0000000081f00000| Untracked 
|   3|0x0000000081f00000, 0x0000000082000000, 0x0000000082000000|100%| O|  |TAMS 0x0000000082000000, 0x0000000082000000| Untracked 
|   4|0x0000000082000000, 0x0000000082100000, 0x0000000082100000|100%| O|  |TAMS 0x0000000082100000, 0x0000000082100000| Untracked 
|   5|0x0000000082100000, 0x0000000082200000, 0x0000000082200000|100%|HS|  |TAMS 0x0000000082200000, 0x0000000082200000| Complete 
|   6|0x0000000082200000, 0x0000000082300000, 0x0000000082300000|100%|HC|  |TAMS 0x0000000082300000, 0x0000000082300000| Complete 
|   7|0x0000000082300000, 0x0000000082400000, 0x0000000082400000|100%| O|  |TAMS 0x0000000082400000, 0x0000000082400000| Untracked 
|   8|0x0000000082400000, 0x0000000082500000, 0x0000000082500000|100%| O|  |TAMS 0x0000000082500000, 0x0000000082500000| Untracked 
|   9|0x0000000082500000, 0x0000000082600000, 0x0000000082600000|100%| O|  |TAMS 0x0000000082600000, 0x0000000082600000| Untracked 
|  10|0x0000000082600000, 0x0000000082700000, 0x0000000082700000|100%|HS|  |TAMS 0x0000000082600000, 0x0000000082700000| Complete 
|  11|0x0000000082700000, 0x0000000082800000, 0x0000000082800000|100%|HC|  |TAMS 0x0000000082700000, 0x0000000082800000| Complete 
|  12|0x0000000082800000, 0x0000000082900000, 0x0000000082900000|100%|HC|  |TAMS 0x0000000082800000, 0x0000000082900000| Complete 
|  13|0x0000000082900000, 0x0000000082a00000, 0x0000000082a00000|100%|HC|  |TAMS 0x0000000082900000, 0x0000000082a00000| Complete 
|  14|0x0000000082a00000, 0x0000000082b00000, 0x0000000082b00000|100%|HC|  |TAMS 0x0000000082a00000, 0x0000000082b00000| Complete 
|  15|0x0000000082b00000, 0x0000000082c00000, 0x0000000082c00000|100%|HC|  |TAMS 0x0000000082b00000, 0x0000000082c00000| Complete 
|  16|0x0000000082c00000, 0x0000000082c00000, 0x0000000082d00000|  0%| F|  |TAMS 0x0000000082c00000, 0x0000000082c00000| Untracked 
|  17|0x0000000082d00000, 0x0000000082e00000, 0x0000000082e00000|100%| O|  |TAMS 0x0000000082e00000, 0x0000000082e00000| Untracked 
|  18|0x0000000082e00000, 0x0000000082e42400, 0x0000000082f00000| 25%| O|  |TAMS 0x0000000082e42400, 0x0000000082e42400| Untracked 
|  19|0x0000000082f00000, 0x0000000083000000, 0x0000000083000000|100%|HS|  |TAMS 0x0000000082f00000, 0x0000000083000000| Complete 
|  20|0x0000000083000000, 0x0000000083100000, 0x0000000083100000|100%|HC|  |TAMS 0x0000000083000000, 0x0000000083100000| Complete 
|  21|0x0000000083100000, 0x0000000083200000, 0x0000000083200000|100%|HC|  |TAMS 0x0000000083100000, 0x0000000083200000| Complete 
|  22|0x0000000083200000, 0x0000000083300000, 0x0000000083300000|100%|HC|  |TAMS 0x0000000083200000, 0x0000000083300000| Complete 
|  23|0x0000000083300000, 0x0000000083400000, 0x0000000083400000|100%|HC|  |TAMS 0x0000000083300000, 0x0000000083400000| Complete 
|  24|0x0000000083400000, 0x0000000083500000, 0x0000000083500000|100%|HC|  |TAMS 0x0000000083400000, 0x0000000083500000| Complete 
|  25|0x0000000083500000, 0x0000000083600000, 0x0000000083600000|100%|HS|  |TAMS 0x0000000083500000, 0x0000000083600000| Complete 
|  26|0x0000000083600000, 0x0000000083700000, 0x0000000083700000|100%|HC|  |TAMS 0x0000000083600000, 0x0000000083700000| Complete 
|  27|0x0000000083700000, 0x0000000083800000, 0x0000000083800000|100%|HC|  |TAMS 0x0000000083700000, 0x0000000083800000| Complete 
|  28|0x0000000083800000, 0x0000000083900000, 0x0000000083900000|100%|HC|  |TAMS 0x0000000083800000, 0x0000000083900000| Complete 
|  29|0x0000000083900000, 0x0000000083a00000, 0x0000000083a00000|100%|HC|  |TAMS 0x0000000083900000, 0x0000000083a00000| Complete 
|  30|0x0000000083a00000, 0x0000000083b00000, 0x0000000083b00000|100%|HC|  |TAMS 0x0000000083a00000, 0x0000000083b00000| Complete 
|  31|0x0000000083b00000, 0x0000000083c00000, 0x0000000083c00000|100%|HS|  |TAMS 0x0000000083b00000, 0x0000000083c00000| Complete 
|  32|0x0000000083c00000, 0x0000000083d00000, 0x0000000083d00000|100%|HC|  |TAMS 0x0000000083c00000, 0x0000000083d00000| Complete 
|  33|0x0000000083d00000, 0x0000000083e00000, 0x0000000083e00000|100%|HC|  |TAMS 0x0000000083d00000, 0x0000000083e00000| Complete 
|  34|0x0000000083e00000, 0x0000000083f00000, 0x0000000083f00000|100%|HC|  |TAMS 0x0000000083e00000, 0x0000000083f00000| Complete 
|  35|0x0000000083f00000, 0x0000000084000000, 0x0000000084000000|100%|HC|  |TAMS 0x0000000083f00000, 0x0000000084000000| Complete 
|  36|0x0000000084000000, 0x0000000084100000, 0x0000000084100000|100%|HC|  |TAMS 0x0000000084000000, 0x0000000084100000| Complete 
|  37|0x0000000084100000, 0x0000000084200000, 0x0000000084200000|100%|HS|  |TAMS 0x0000000084100000, 0x0000000084200000| Complete 
|  38|0x0000000084200000, 0x0000000084300000, 0x0000000084300000|100%|HC|  |TAMS 0x0000000084200000, 0x0000000084300000| Complete 
|  39|0x0000000084300000, 0x0000000084400000, 0x0000000084400000|100%|HC|  |TAMS 0x0000000084300000, 0x0000000084400000| Complete 
|  40|0x0000000084400000, 0x0000000084500000, 0x0000000084500000|100%|HC|  |TAMS 0x0000000084400000, 0x0000000084500000| Complete 
|  41|0x0000000084500000, 0x0000000084600000, 0x0000000084600000|100%|HC|  |TAMS 0x0000000084500000, 0x0000000084600000| Complete 
|  42|0x0000000084600000, 0x0000000084700000, 0x0000000084700000|100%|HC|  |TAMS 0x0000000084600000, 0x0000000084700000| Complete 
|  43|0x0000000084700000, 0x0000000084800000, 0x0000000084800000|100%|HS|  |TAMS 0x0000000084700000, 0x0000000084800000| Complete 
|  44|0x0000000084800000, 0x0000000084900000, 0x0000000084900000|100%|HC|  |TAMS 0x0000000084800000, 0x0000000084900000| Complete 
|  45|0x0000000084900000, 0x0000000084a00000, 0x0000000084a00000|100%|HC|  |TAMS 0x0000000084900000, 0x0000000084a00000| Complete 
|  46|0x0000000084a00000, 0x0000000084b00000, 0x0000000084b00000|100%|HC|  |TAMS 0x0000000084a00000, 0x0000000084b00000| Complete 
|  47|0x0000000084b00000, 0x0000000084c00000, 0x0000000084c00000|100%|HC|  |TAMS 0x0000000084b00000, 0x0000000084c00000| Complete 
|  48|0x0000000084c00000, 0x0000000084d00000, 0x0000000084d00000|100%|HC|  |TAMS 0x0000000084c00000, 0x0000000084d00000| Complete 
|  49|0x0000000084d00000, 0x0000000084e00000, 0x0000000084e00000|100%|HS|  |TAMS 0x0000000084d00000, 0x0000000084e00000| Complete 
|  50|0x0000000084e00000, 0x0000000084f00000, 0x0000000084f00000|100%|HC|  |TAMS 0x0000000084e00000, 0x0000000084f00000| Complete 
|  51|0x0000000084f00000, 0x0000000085000000, 0x0000000085000000|100%|HC|  |TAMS 0x0000000084f00000, 0x0000000085000000| Complete 
|  52|0x0000000085000000, 0x0000000085100000, 0x0000000085100000|100%|HC|  |TAMS 0x0000000085000000, 0x0000000085100000| Complete 
|  53|0x0000000085100000, 0x0000000085200000, 0x0000000085200000|100%|HC|  |TAMS 0x0000000085100000, 0x0000000085200000| Complete 
|  54|0x0000000085200000, 0x0000000085300000, 0x0000000085300000|100%|HC|  |TAMS 0x0000000085200000, 0x0000000085300000| Complete 
|  55|0x0000000085300000, 0x0000000085400000, 0x0000000085400000|100%|HS|  |TAMS 0x0000000085400000, 0x0000000085400000| Complete 
|  56|0x0000000085400000, 0x0000000085500000, 0x0000000085500000|100%|HC|  |TAMS 0x0000000085500000, 0x0000000085500000| Complete 
|  57|0x0000000085500000, 0x0000000085600000, 0x0000000085600000|100%|HC|  |TAMS 0x0000000085600000, 0x0000000085600000| Complete 
|  58|0x0000000085600000, 0x0000000085700000, 0x0000000085700000|100%|HC|  |TAMS 0x0000000085700000, 0x0000000085700000| Complete 
|  59|0x0000000085700000, 0x0000000085800000, 0x0000000085800000|100%|HC|  |TAMS 0x0000000085800000, 0x0000000085800000| Complete 
|  60|0x0000000085800000, 0x0000000085900000, 0x0000000085900000|100%|HC|  |TAMS 0x0000000085900000, 0x0000000085900000| Complete 
|  61|0x0000000085900000, 0x0000000085a00000, 0x0000000085a00000|100%|HS|  |TAMS 0x0000000085a00000, 0x0000000085a00000| Complete 
|  62|0x0000000085a00000, 0x0000000085b00000, 0x0000000085b00000|100%|HC|  |TAMS 0x0000000085b00000, 0x0000000085b00000| Complete 
|  63|0x0000000085b00000, 0x0000000085c00000, 0x0000000085c00000|100%|HC|  |TAMS 0x0000000085c00000, 0x0000000085c00000| Complete 
|  64|0x0000000085c00000, 0x0000000085d00000, 0x0000000085d00000|100%|HC|  |TAMS 0x0000000085d00000, 0x0000000085d00000| Complete 
|  65|0x0000000085d00000, 0x0000000085e00000, 0x0000000085e00000|100%|HC|  |TAMS 0x0000000085e00000, 0x0000000085e00000| Complete 
|  66|0x0000000085e00000, 0x0000000085f00000, 0x0000000085f00000|100%|HC|  |TAMS 0x0000000085f00000, 0x0000000085f00000| Complete 
|  67|0x0000000085f00000, 0x0000000086000000, 0x0000000086000000|100%|HC|  |TAMS 0x0000000086000000, 0x0000000086000000| Complete 
|  68|0x0000000086000000, 0x0000000086100000, 0x0000000086100000|100%|HC|  |TAMS 0x0000000086100000, 0x0000000086100000| Complete 
|  69|0x0000000086100000, 0x0000000086200000, 0x0000000086200000|100%|HC|  |TAMS 0x0000000086200000, 0x0000000086200000| Complete 
|  70|0x0000000086200000, 0x0000000086300000, 0x0000000086300000|100%|HC|  |TAMS 0x0000000086300000, 0x0000000086300000| Complete 
|  71|0x0000000086300000, 0x0000000086400000, 0x0000000086400000|100%|HC|  |TAMS 0x0000000086400000, 0x0000000086400000| Complete 
|  72|0x0000000086400000, 0x0000000086500000, 0x0000000086500000|100%|HC|  |TAMS 0x0000000086500000, 0x0000000086500000| Complete 
|  73|0x0000000086500000, 0x0000000086600000, 0x0000000086600000|100%|HC|  |TAMS 0x0000000086600000, 0x0000000086600000| Complete 
|  74|0x0000000086600000, 0x0000000086700000, 0x0000000086700000|100%|HC|  |TAMS 0x0000000086700000, 0x0000000086700000| Complete 
|  75|0x0000000086700000, 0x0000000086800000, 0x0000000086800000|100%|HC|  |TAMS 0x0000000086800000, 0x0000000086800000| Complete 
|  76|0x0000000086800000, 0x0000000086900000, 0x0000000086900000|100%|HC|  |TAMS 0x0000000086900000, 0x0000000086900000| Complete 
|  77|0x0000000086900000, 0x0000000086a00000, 0x0000000086a00000|100%|HC|  |TAMS 0x0000000086a00000, 0x0000000086a00000| Complete 
|  78|0x0000000086a00000, 0x0000000086b00000, 0x0000000086b00000|100%|HC|  |TAMS 0x0000000086b00000, 0x0000000086b00000| Complete 
|  79|0x0000000086b00000, 0x0000000086c00000, 0x0000000086c00000|100%|HC|  |TAMS 0x0000000086c00000, 0x0000000086c00000| Complete 
|  80|0x0000000086c00000, 0x0000000086d00000, 0x0000000086d00000|100%|HC|  |TAMS 0x0000000086d00000, 0x0000000086d00000| Complete 
|  81|0x0000000086d00000, 0x0000000086e00000, 0x0000000086e00000|100%|HC|  |TAMS 0x0000000086e00000, 0x0000000086e00000| Complete 
|  82|0x0000000086e00000, 0x0000000086f00000, 0x0000000086f00000|100%|HC|  |TAMS 0x0000000086f00000, 0x0000000086f00000| Complete 
|  83|0x0000000086f00000, 0x0000000087000000, 0x0000000087000000|100%|HC|  |TAMS 0x0000000087000000, 0x0000000087000000| Complete 
|  84|0x0000000087000000, 0x0000000087100000, 0x0000000087100000|100%|HC|  |TAMS 0x0000000087100000, 0x0000000087100000| Complete 
|  85|0x0000000087100000, 0x0000000087200000, 0x0000000087200000|100%|HC|  |TAMS 0x0000000087200000, 0x0000000087200000| Complete 
|  86|0x0000000087200000, 0x0000000087300000, 0x0000000087300000|100%|HS|  |TAMS 0x0000000087200000, 0x0000000087300000| Complete 
|  87|0x0000000087300000, 0x0000000087400000, 0x0000000087400000|100%|HC|  |TAMS 0x0000000087300000, 0x0000000087400000| Complete 
|  88|0x0000000087400000, 0x0000000087500000, 0x0000000087500000|100%|HC|  |TAMS 0x0000000087400000, 0x0000000087500000| Complete 
|  89|0x0000000087500000, 0x0000000087600000, 0x0000000087600000|100%|HC|  |TAMS 0x0000000087500000, 0x0000000087600000| Complete 
|  90|0x0000000087600000, 0x0000000087700000, 0x0000000087700000|100%|HC|  |TAMS 0x0000000087600000, 0x0000000087700000| Complete 
|  91|0x0000000087700000, 0x0000000087800000, 0x0000000087800000|100%|HC|  |TAMS 0x0000000087700000, 0x0000000087800000| Complete 
|  92|0x0000000087800000, 0x0000000087800000, 0x0000000087900000|  0%| F|  |TAMS 0x0000000087800000, 0x0000000087800000| Untracked 
|  93|0x0000000087900000, 0x0000000087900000, 0x0000000087a00000|  0%| F|  |TAMS 0x0000000087900000, 0x0000000087900000| Untracked 
|  94|0x0000000087a00000, 0x0000000087a00000, 0x0000000087b00000|  0%| F|  |TAMS 0x0000000087a00000, 0x0000000087a00000| Untracked 
|  95|0x0000000087b00000, 0x0000000087b00000, 0x0000000087c00000|  0%| F|  |TAMS 0x0000000087b00000, 0x0000000087b00000| Untracked 
|  96|0x0000000087c00000, 0x0000000087c00000, 0x0000000087d00000|  0%| F|  |TAMS 0x0000000087c00000, 0x0000000087c00000| Untracked 
|  97|0x0000000087d00000, 0x0000000087d00000, 0x0000000087e00000|  0%| F|  |TAMS 0x0000000087d00000, 0x0000000087d00000| Untracked 
|  98|0x0000000087e00000, 0x0000000087e00000, 0x0000000087f00000|  0%| F|  |TAMS 0x0000000087e00000, 0x0000000087e00000| Untracked 
|  99|0x0000000087f00000, 0x0000000087f00000, 0x0000000088000000|  0%| F|  |TAMS 0x0000000087f00000, 0x0000000087f00000| Untracked 
| 100|0x0000000088000000, 0x0000000088000000, 0x0000000088100000|  0%| F|  |TAMS 0x0000000088000000, 0x0000000088000000| Untracked 
| 101|0x0000000088100000, 0x0000000088100000, 0x0000000088200000|  0%| F|  |TAMS 0x0000000088100000, 0x0000000088100000| Untracked 
| 102|0x0000000088200000, 0x0000000088200000, 0x0000000088300000|  0%| F|  |TAMS 0x0000000088200000, 0x0000000088200000| Untracked 
| 103|0x0000000088300000, 0x0000000088300000, 0x0000000088400000|  0%| F|  |TAMS 0x0000000088300000, 0x0000000088300000| Untracked 
| 104|0x0000000088400000, 0x0000000088400000, 0x0000000088500000|  0%| F|  |TAMS 0x0000000088400000, 0x0000000088400000| Untracked 
| 105|0x0000000088500000, 0x0000000088500000, 0x0000000088600000|  0%| F|  |TAMS 0x0000000088500000, 0x0000000088500000| Untracked 
| 106|0x0000000088600000, 0x0000000088600000, 0x0000000088700000|  0%| F|  |TAMS 0x0000000088600000, 0x0000000088600000| Untracked 
| 107|0x0000000088700000, 0x0000000088700000, 0x0000000088800000|  0%| F|  |TAMS 0x0000000088700000, 0x0000000088700000| Untracked 
| 108|0x0000000088800000, 0x0000000088800000, 0x0000000088900000|  0%| F|  |TAMS 0x0000000088800000, 0x0000000088800000| Untracked 
| 109|0x0000000088900000, 0x0000000088900000, 0x0000000088a00000|  0%| F|  |TAMS 0x0000000088900000, 0x0000000088900000| Untracked 
| 110|0x0000000088a00000, 0x0000000088a00000, 0x0000000088b00000|  0%| F|  |TAMS 0x0000000088a00000, 0x0000000088a00000| Untracked 
| 111|0x0000000088b00000, 0x0000000088b00000, 0x0000000088c00000|  0%| F|  |TAMS 0x0000000088b00000, 0x0000000088b00000| Untracked 
| 112|0x0000000088c00000, 0x0000000088c00000, 0x0000000088d00000|  0%| F|  |TAMS 0x0000000088c00000, 0x0000000088c00000| Untracked 
| 113|0x0000000088d00000, 0x0000000088d00000, 0x0000000088e00000|  0%| F|  |TAMS 0x0000000088d00000, 0x0000000088d00000| Untracked 
| 114|0x0000000088e00000, 0x0000000088e00000, 0x0000000088f00000|  0%| F|  |TAMS 0x0000000088e00000, 0x0000000088e00000| Untracked 
| 115|0x0000000088f00000, 0x0000000088f00000, 0x0000000089000000|  0%| F|  |TAMS 0x0000000088f00000, 0x0000000088f00000| Untracked 
| 116|0x0000000089000000, 0x0000000089000000, 0x0000000089100000|  0%| F|  |TAMS 0x0000000089000000, 0x0000000089000000| Untracked 
| 117|0x0000000089100000, 0x0000000089100000, 0x0000000089200000|  0%| F|  |TAMS 0x0000000089100000, 0x0000000089100000| Untracked 
| 118|0x0000000089200000, 0x0000000089200000, 0x0000000089300000|  0%| F|  |TAMS 0x0000000089200000, 0x0000000089200000| Untracked 
| 119|0x0000000089300000, 0x0000000089300000, 0x0000000089400000|  0%| F|  |TAMS 0x0000000089300000, 0x0000000089300000| Untracked 
| 120|0x0000000089400000, 0x0000000089400000, 0x0000000089500000|  0%| F|  |TAMS 0x0000000089400000, 0x0000000089400000| Untracked 
| 121|0x0000000089500000, 0x0000000089500000, 0x0000000089600000|  0%| F|  |TAMS 0x0000000089500000, 0x0000000089500000| Untracked 
| 122|0x0000000089600000, 0x0000000089600000, 0x0000000089700000|  0%| F|  |TAMS 0x0000000089600000, 0x0000000089600000| Untracked 
| 123|0x0000000089700000, 0x0000000089700000, 0x0000000089800000|  0%| F|  |TAMS 0x0000000089700000, 0x0000000089700000| Untracked 
| 124|0x0000000089800000, 0x0000000089800000, 0x0000000089900000|  0%| F|  |TAMS 0x0000000089800000, 0x0000000089800000| Untracked 
| 125|0x0000000089900000, 0x0000000089900000, 0x0000000089a00000|  0%| F|  |TAMS 0x0000000089900000, 0x0000000089900000| Untracked 
| 126|0x0000000089a00000, 0x0000000089a00000, 0x0000000089b00000|  0%| F|  |TAMS 0x0000000089a00000, 0x0000000089a00000| Untracked 
| 127|0x0000000089b00000, 0x0000000089b00000, 0x0000000089c00000|  0%| F|  |TAMS 0x0000000089b00000, 0x0000000089b00000| Untracked 
| 128|0x0000000089c00000, 0x0000000089c00000, 0x0000000089d00000|  0%| F|  |TAMS 0x0000000089c00000, 0x0000000089c00000| Untracked 
| 129|0x0000000089d00000, 0x0000000089d00000, 0x0000000089e00000|  0%| F|  |TAMS 0x0000000089d00000, 0x0000000089d00000| Untracked 
| 130|0x0000000089e00000, 0x0000000089e00000, 0x0000000089f00000|  0%| F|  |TAMS 0x0000000089e00000, 0x0000000089e00000| Untracked 
| 131|0x0000000089f00000, 0x0000000089f00000, 0x000000008a000000|  0%| F|  |TAMS 0x0000000089f00000, 0x0000000089f00000| Untracked 
| 132|0x000000008a000000, 0x000000008a000000, 0x000000008a100000|  0%| F|  |TAMS 0x000000008a000000, 0x000000008a000000| Untracked 
| 133|0x000000008a100000, 0x000000008a100000, 0x000000008a200000|  0%| F|  |TAMS 0x000000008a100000, 0x000000008a100000| Untracked 
| 134|0x000000008a200000, 0x000000008a300000, 0x000000008a300000|100%|HS|  |TAMS 0x000000008a200000, 0x000000008a300000| Complete 
| 135|0x000000008a300000, 0x000000008a400000, 0x000000008a400000|100%|HC|  |TAMS 0x000000008a300000, 0x000000008a400000| Complete 
| 136|0x000000008a400000, 0x000000008a500000, 0x000000008a500000|100%|HC|  |TAMS 0x000000008a400000, 0x000000008a500000| Complete 
| 137|0x000000008a500000, 0x000000008a600000, 0x000000008a600000|100%|HC|  |TAMS 0x000000008a500000, 0x000000008a600000| Complete 
| 138|0x000000008a600000, 0x000000008a700000, 0x000000008a700000|100%|HC|  |TAMS 0x000000008a600000, 0x000000008a700000| Complete 
| 139|0x000000008a700000, 0x000000008a800000, 0x000000008a800000|100%|HC|  |TAMS 0x000000008a700000, 0x000000008a800000| Complete 
| 140|0x000000008a800000, 0x000000008a900000, 0x000000008a900000|100%|HS|  |TAMS 0x000000008a800000, 0x000000008a900000| Complete 
| 141|0x000000008a900000, 0x000000008aa00000, 0x000000008aa00000|100%|HC|  |TAMS 0x000000008a900000, 0x000000008aa00000| Complete 
| 142|0x000000008aa00000, 0x000000008ab00000, 0x000000008ab00000|100%|HC|  |TAMS 0x000000008aa00000, 0x000000008ab00000| Complete 
| 143|0x000000008ab00000, 0x000000008ac00000, 0x000000008ac00000|100%|HC|  |TAMS 0x000000008ab00000, 0x000000008ac00000| Complete 
| 144|0x000000008ac00000, 0x000000008ad00000, 0x000000008ad00000|100%|HC|  |TAMS 0x000000008ac00000, 0x000000008ad00000| Complete 
| 145|0x000000008ad00000, 0x000000008ae00000, 0x000000008ae00000|100%|HC|  |TAMS 0x000000008ad00000, 0x000000008ae00000| Complete 
| 146|0x000000008ae00000, 0x000000008af00000, 0x000000008af00000|100%|HS|  |TAMS 0x000000008ae00000, 0x000000008af00000| Complete 
| 147|0x000000008af00000, 0x000000008b000000, 0x000000008b000000|100%|HC|  |TAMS 0x000000008af00000, 0x000000008b000000| Complete 
| 148|0x000000008b000000, 0x000000008b100000, 0x000000008b100000|100%|HC|  |TAMS 0x000000008b000000, 0x000000008b100000| Complete 
| 149|0x000000008b100000, 0x000000008b200000, 0x000000008b200000|100%|HC|  |TAMS 0x000000008b100000, 0x000000008b200000| Complete 
| 150|0x000000008b200000, 0x000000008b300000, 0x000000008b300000|100%|HC|  |TAMS 0x000000008b200000, 0x000000008b300000| Complete 
| 151|0x000000008b300000, 0x000000008b400000, 0x000000008b400000|100%|HC|  |TAMS 0x000000008b300000, 0x000000008b400000| Complete 
| 152|0x000000008b400000, 0x000000008b500000, 0x000000008b500000|100%|HS|  |TAMS 0x000000008b400000, 0x000000008b500000| Complete 
| 153|0x000000008b500000, 0x000000008b600000, 0x000000008b600000|100%|HC|  |TAMS 0x000000008b500000, 0x000000008b600000| Complete 
| 154|0x000000008b600000, 0x000000008b700000, 0x000000008b700000|100%|HC|  |TAMS 0x000000008b600000, 0x000000008b700000| Complete 
| 155|0x000000008b700000, 0x000000008b800000, 0x000000008b800000|100%|HC|  |TAMS 0x000000008b700000, 0x000000008b800000| Complete 
| 156|0x000000008b800000, 0x000000008b900000, 0x000000008b900000|100%|HC|  |TAMS 0x000000008b800000, 0x000000008b900000| Complete 
| 157|0x000000008b900000, 0x000000008ba00000, 0x000000008ba00000|100%|HC|  |TAMS 0x000000008b900000, 0x000000008ba00000| Complete 
| 158|0x000000008ba00000, 0x000000008ba00000, 0x000000008bb00000|  0%| F|  |TAMS 0x000000008ba00000, 0x000000008ba00000| Untracked 
| 159|0x000000008bb00000, 0x000000008bb00000, 0x000000008bc00000|  0%| F|  |TAMS 0x000000008bb00000, 0x000000008bb00000| Untracked 
| 160|0x000000008bc00000, 0x000000008bc00000, 0x000000008bd00000|  0%| F|  |TAMS 0x000000008bc00000, 0x000000008bc00000| Untracked 
| 161|0x000000008bd00000, 0x000000008bd00000, 0x000000008be00000|  0%| F|  |TAMS 0x000000008bd00000, 0x000000008bd00000| Untracked 
| 162|0x000000008be00000, 0x000000008be00000, 0x000000008bf00000|  0%| F|  |TAMS 0x000000008be00000, 0x000000008be00000| Untracked 
| 163|0x000000008bf00000, 0x000000008bf00000, 0x000000008c000000|  0%| F|  |TAMS 0x000000008bf00000, 0x000000008bf00000| Untracked 
| 164|0x000000008c000000, 0x000000008c000000, 0x000000008c100000|  0%| F|  |TAMS 0x000000008c000000, 0x000000008c000000| Untracked 
| 165|0x000000008c100000, 0x000000008c100000, 0x000000008c200000|  0%| F|  |TAMS 0x000000008c100000, 0x000000008c100000| Untracked 
| 166|0x000000008c200000, 0x000000008c200000, 0x000000008c300000|  0%| F|  |TAMS 0x000000008c200000, 0x000000008c200000| Untracked 
| 167|0x000000008c300000, 0x000000008c300000, 0x000000008c400000|  0%| F|  |TAMS 0x000000008c300000, 0x000000008c300000| Untracked 
| 168|0x000000008c400000, 0x000000008c400000, 0x000000008c500000|  0%| F|  |TAMS 0x000000008c400000, 0x000000008c400000| Untracked 
| 169|0x000000008c500000, 0x000000008c500000, 0x000000008c600000|  0%| F|  |TAMS 0x000000008c500000, 0x000000008c500000| Untracked 
| 170|0x000000008c600000, 0x000000008c600000, 0x000000008c700000|  0%| F|  |TAMS 0x000000008c600000, 0x000000008c600000| Untracked 
| 171|0x000000008c700000, 0x000000008c700000, 0x000000008c800000|  0%| F|  |TAMS 0x000000008c700000, 0x000000008c700000| Untracked 
| 172|0x000000008c800000, 0x000000008c800000, 0x000000008c900000|  0%| F|  |TAMS 0x000000008c800000, 0x000000008c800000| Untracked 
| 173|0x000000008c900000, 0x000000008c900000, 0x000000008ca00000|  0%| F|  |TAMS 0x000000008c900000, 0x000000008c900000| Untracked 
| 174|0x000000008ca00000, 0x000000008ca00000, 0x000000008cb00000|  0%| F|  |TAMS 0x000000008ca00000, 0x000000008ca00000| Untracked 
| 175|0x000000008cb00000, 0x000000008cb00000, 0x000000008cc00000|  0%| F|  |TAMS 0x000000008cb00000, 0x000000008cb00000| Untracked 
| 176|0x000000008cc00000, 0x000000008cc00000, 0x000000008cd00000|  0%| F|  |TAMS 0x000000008cc00000, 0x000000008cc00000| Untracked 
| 177|0x000000008cd00000, 0x000000008cd00000, 0x000000008ce00000|  0%| F|  |TAMS 0x000000008cd00000, 0x000000008cd00000| Untracked 
| 178|0x000000008ce00000, 0x000000008ce00000, 0x000000008cf00000|  0%| F|  |TAMS 0x000000008ce00000, 0x000000008ce00000| Untracked 
| 179|0x000000008cf00000, 0x000000008cf00000, 0x000000008d000000|  0%| F|  |TAMS 0x000000008cf00000, 0x000000008cf00000| Untracked 
| 180|0x000000008d000000, 0x000000008d000000, 0x000000008d100000|  0%| F|  |TAMS 0x000000008d000000, 0x000000008d000000| Untracked 
| 181|0x000000008d100000, 0x000000008d100000, 0x000000008d200000|  0%| F|  |TAMS 0x000000008d100000, 0x000000008d100000| Untracked 
| 182|0x000000008d200000, 0x000000008d200000, 0x000000008d300000|  0%| F|  |TAMS 0x000000008d200000, 0x000000008d200000| Untracked 
| 183|0x000000008d300000, 0x000000008d300000, 0x000000008d400000|  0%| F|  |TAMS 0x000000008d300000, 0x000000008d300000| Untracked 
| 184|0x000000008d400000, 0x000000008d400000, 0x000000008d500000|  0%| F|  |TAMS 0x000000008d400000, 0x000000008d400000| Untracked 
| 185|0x000000008d500000, 0x000000008d500000, 0x000000008d600000|  0%| F|  |TAMS 0x000000008d500000, 0x000000008d500000| Untracked 
| 186|0x000000008d600000, 0x000000008d600000, 0x000000008d700000|  0%| F|  |TAMS 0x000000008d600000, 0x000000008d600000| Untracked 
| 187|0x000000008d700000, 0x000000008d700000, 0x000000008d800000|  0%| F|  |TAMS 0x000000008d700000, 0x000000008d700000| Untracked 
| 188|0x000000008d800000, 0x000000008d800000, 0x000000008d900000|  0%| F|  |TAMS 0x000000008d800000, 0x000000008d800000| Untracked 
| 189|0x000000008d900000, 0x000000008d900000, 0x000000008da00000|  0%| F|  |TAMS 0x000000008d900000, 0x000000008d900000| Untracked 
| 190|0x000000008da00000, 0x000000008da00000, 0x000000008db00000|  0%| F|  |TAMS 0x000000008da00000, 0x000000008da00000| Untracked 
| 191|0x000000008db00000, 0x000000008db00000, 0x000000008dc00000|  0%| F|  |TAMS 0x000000008db00000, 0x000000008db00000| Untracked 
| 192|0x000000008dc00000, 0x000000008dc00000, 0x000000008dd00000|  0%| F|  |TAMS 0x000000008dc00000, 0x000000008dc00000| Untracked 
| 193|0x000000008dd00000, 0x000000008dd00000, 0x000000008de00000|  0%| F|  |TAMS 0x000000008dd00000, 0x000000008dd00000| Untracked 
| 194|0x000000008de00000, 0x000000008de00000, 0x000000008df00000|  0%| F|  |TAMS 0x000000008de00000, 0x000000008de00000| Untracked 
| 195|0x000000008df00000, 0x000000008df00000, 0x000000008e000000|  0%| F|  |TAMS 0x000000008df00000, 0x000000008df00000| Untracked 
| 196|0x000000008e000000, 0x000000008e000000, 0x000000008e100000|  0%| F|  |TAMS 0x000000008e000000, 0x000000008e000000| Untracked 
| 197|0x000000008e100000, 0x000000008e100000, 0x000000008e200000|  0%| F|  |TAMS 0x000000008e100000, 0x000000008e100000| Untracked 
| 198|0x000000008e200000, 0x000000008e200000, 0x000000008e300000|  0%| F|  |TAMS 0x000000008e200000, 0x000000008e200000| Untracked 
| 199|0x000000008e300000, 0x000000008e300000, 0x000000008e400000|  0%| F|  |TAMS 0x000000008e300000, 0x000000008e300000| Untracked 
| 200|0x000000008e400000, 0x000000008e400000, 0x000000008e500000|  0%| F|  |TAMS 0x000000008e400000, 0x000000008e400000| Untracked 
| 201|0x000000008e500000, 0x000000008e500000, 0x000000008e600000|  0%| F|  |TAMS 0x000000008e500000, 0x000000008e500000| Untracked 
| 202|0x000000008e600000, 0x000000008e600000, 0x000000008e700000|  0%| F|  |TAMS 0x000000008e600000, 0x000000008e600000| Untracked 
| 203|0x000000008e700000, 0x000000008e700000, 0x000000008e800000|  0%| F|  |TAMS 0x000000008e700000, 0x000000008e700000| Untracked 
| 204|0x000000008e800000, 0x000000008e800000, 0x000000008e900000|  0%| F|  |TAMS 0x000000008e800000, 0x000000008e800000| Untracked 
| 205|0x000000008e900000, 0x000000008e900000, 0x000000008ea00000|  0%| F|  |TAMS 0x000000008e900000, 0x000000008e900000| Untracked 
| 206|0x000000008ea00000, 0x000000008ea00000, 0x000000008eb00000|  0%| F|  |TAMS 0x000000008ea00000, 0x000000008ea00000| Untracked 
| 207|0x000000008eb00000, 0x000000008eb00000, 0x000000008ec00000|  0%| F|  |TAMS 0x000000008eb00000, 0x000000008eb00000| Untracked 
| 208|0x000000008ec00000, 0x000000008ec00000, 0x000000008ed00000|  0%| F|  |TAMS 0x000000008ec00000, 0x000000008ec00000| Untracked 
| 209|0x000000008ed00000, 0x000000008ed00000, 0x000000008ee00000|  0%| F|  |TAMS 0x000000008ed00000, 0x000000008ed00000| Untracked 
| 210|0x000000008ee00000, 0x000000008ee00000, 0x000000008ef00000|  0%| F|  |TAMS 0x000000008ee00000, 0x000000008ee00000| Untracked 
| 211|0x000000008ef00000, 0x000000008ef00000, 0x000000008f000000|  0%| F|  |TAMS 0x000000008ef00000, 0x000000008ef00000| Untracked 
| 212|0x000000008f000000, 0x000000008f000000, 0x000000008f100000|  0%| F|  |TAMS 0x000000008f000000, 0x000000008f000000| Untracked 
| 213|0x000000008f100000, 0x000000008f100000, 0x000000008f200000|  0%| F|  |TAMS 0x000000008f100000, 0x000000008f100000| Untracked 
| 214|0x000000008f200000, 0x000000008f200000, 0x000000008f300000|  0%| F|  |TAMS 0x000000008f200000, 0x000000008f200000| Untracked 
| 215|0x000000008f300000, 0x000000008f300000, 0x000000008f400000|  0%| F|  |TAMS 0x000000008f300000, 0x000000008f300000| Untracked 
| 216|0x000000008f400000, 0x000000008f400000, 0x000000008f500000|  0%| F|  |TAMS 0x000000008f400000, 0x000000008f400000| Untracked 
| 217|0x000000008f500000, 0x000000008f500000, 0x000000008f600000|  0%| F|  |TAMS 0x000000008f500000, 0x000000008f500000| Untracked 
| 218|0x000000008f600000, 0x000000008f600000, 0x000000008f700000|  0%| F|  |TAMS 0x000000008f600000, 0x000000008f600000| Untracked 
| 219|0x000000008f700000, 0x000000008f700000, 0x000000008f800000|  0%| F|  |TAMS 0x000000008f700000, 0x000000008f700000| Untracked 
| 220|0x000000008f800000, 0x000000008f800000, 0x000000008f900000|  0%| F|  |TAMS 0x000000008f800000, 0x000000008f800000| Untracked 
| 221|0x000000008f900000, 0x000000008f900000, 0x000000008fa00000|  0%| F|  |TAMS 0x000000008f900000, 0x000000008f900000| Untracked 
| 222|0x000000008fa00000, 0x000000008fa00000, 0x000000008fb00000|  0%| F|  |TAMS 0x000000008fa00000, 0x000000008fa00000| Untracked 
| 223|0x000000008fb00000, 0x000000008fb00000, 0x000000008fc00000|  0%| F|  |TAMS 0x000000008fb00000, 0x000000008fb00000| Untracked 
| 224|0x000000008fc00000, 0x000000008fc00000, 0x000000008fd00000|  0%| F|  |TAMS 0x000000008fc00000, 0x000000008fc00000| Untracked 
| 225|0x000000008fd00000, 0x000000008fd00000, 0x000000008fe00000|  0%| F|  |TAMS 0x000000008fd00000, 0x000000008fd00000| Untracked 
| 226|0x000000008fe00000, 0x000000008fe00000, 0x000000008ff00000|  0%| F|  |TAMS 0x000000008fe00000, 0x000000008fe00000| Untracked 
| 227|0x000000008ff00000, 0x000000008ff00000, 0x0000000090000000|  0%| F|  |TAMS 0x000000008ff00000, 0x000000008ff00000| Untracked 
| 228|0x0000000090000000, 0x0000000090000000, 0x0000000090100000|  0%| F|  |TAMS 0x0000000090000000, 0x0000000090000000| Untracked 
| 229|0x0000000090100000, 0x0000000090100000, 0x0000000090200000|  0%| F|  |TAMS 0x0000000090100000, 0x0000000090100000| Untracked 
| 230|0x0000000090200000, 0x0000000090200000, 0x0000000090300000|  0%| F|  |TAMS 0x0000000090200000, 0x0000000090200000| Untracked 
| 231|0x0000000090300000, 0x0000000090300000, 0x0000000090400000|  0%| F|  |TAMS 0x0000000090300000, 0x0000000090300000| Untracked 
| 232|0x0000000090400000, 0x0000000090400000, 0x0000000090500000|  0%| F|  |TAMS 0x0000000090400000, 0x0000000090400000| Untracked 
| 233|0x0000000090500000, 0x0000000090500000, 0x0000000090600000|  0%| F|  |TAMS 0x0000000090500000, 0x0000000090500000| Untracked 
| 234|0x0000000090600000, 0x0000000090600000, 0x0000000090700000|  0%| F|  |TAMS 0x0000000090600000, 0x0000000090600000| Untracked 
| 235|0x0000000090700000, 0x0000000090700000, 0x0000000090800000|  0%| F|  |TAMS 0x0000000090700000, 0x0000000090700000| Untracked 
| 236|0x0000000090800000, 0x0000000090800000, 0x0000000090900000|  0%| F|  |TAMS 0x0000000090800000, 0x0000000090800000| Untracked 
| 237|0x0000000090900000, 0x0000000090900000, 0x0000000090a00000|  0%| F|  |TAMS 0x0000000090900000, 0x0000000090900000| Untracked 
| 238|0x0000000090a00000, 0x0000000090a00000, 0x0000000090b00000|  0%| F|  |TAMS 0x0000000090a00000, 0x0000000090a00000| Untracked 
| 239|0x0000000090b00000, 0x0000000090b00000, 0x0000000090c00000|  0%| F|  |TAMS 0x0000000090b00000, 0x0000000090b00000| Untracked 
| 240|0x0000000090c00000, 0x0000000090c00000, 0x0000000090d00000|  0%| F|  |TAMS 0x0000000090c00000, 0x0000000090c00000| Untracked 
| 241|0x0000000090d00000, 0x0000000090d00000, 0x0000000090e00000|  0%| F|  |TAMS 0x0000000090d00000, 0x0000000090d00000| Untracked 
| 242|0x0000000090e00000, 0x0000000090e00000, 0x0000000090f00000|  0%| F|  |TAMS 0x0000000090e00000, 0x0000000090e00000| Untracked 
| 243|0x0000000090f00000, 0x0000000090f00000, 0x0000000091000000|  0%| F|  |TAMS 0x0000000090f00000, 0x0000000090f00000| Untracked 

Card table byte_map: [0x0000022da3130000,0x0000022da3530000] _byte_map_base: 0x0000022da2d22000

Marking Bits (Prev, Next): (CMBitMap*) 0x0000022d89555d50, (CMBitMap*) 0x0000022d89555d90
 Prev Bits: [0x0000022da3930000, 0x0000022da58c0000)
 Next Bits: [0x0000022da58c0000, 0x0000022da7850000)

Polling page: 0x0000022d89310000

Metaspace:

Usage:
  Non-class:     13.83 MB used.
      Class:      2.13 MB used.
       Both:     15.96 MB used.

Virtual space:
  Non-class space:       16.00 MB reserved,      13.94 MB ( 87%) committed,  2 nodes.
      Class space:        1.00 GB reserved,       2.25 MB ( <1%) committed,  1 nodes.
              Both:        1.02 GB reserved,      16.19 MB (  2%) committed. 

Chunk freelists:
   Non-Class:  1.72 MB
       Class:  1.66 MB
        Both:  3.38 MB

MaxMetaspaceSize: 17179869184.00 GB
CompressedClassSpaceSize: 1.00 GB
 - commit_granule_bytes: 65536.
 - commit_granule_words: 8192.
 - virtual_space_node_default_size: 1048576.
 - enlarge_chunks_in_place: 1.
 - new_chunks_are_fully_committed: 0.
 - uncommit_free_chunks: 1.
 - use_allocation_guard: 0.
 - handle_deallocations: 1.


Internal statistics:

num_allocs_failed_limit: 0.
num_arena_births: 194.
num_arena_deaths: 0.
num_vsnodes_births: 3.
num_vsnodes_deaths: 0.
num_space_committed: 259.
num_space_uncommitted: 0.
num_chunks_returned_to_freelist: 0.
num_chunks_taken_from_freelist: 736.
num_chunk_merges: 0.
num_chunk_splits: 503.
num_chunks_enlarged: 393.
num_purges: 0.

CodeHeap 'non-profiled nmethods': size=120000Kb used=1682Kb max_used=1682Kb free=118317Kb
 bounds [0x0000022d9b1d0000, 0x0000022d9b440000, 0x0000022da2700000]
CodeHeap 'profiled nmethods': size=120000Kb used=5973Kb max_used=5973Kb free=114027Kb
 bounds [0x0000022d93ca0000, 0x0000022d94280000, 0x0000022d9b1d0000]
CodeHeap 'non-nmethods': size=5760Kb used=1453Kb max_used=1495Kb free=4306Kb
 bounds [0x0000022d93700000, 0x0000022d93970000, 0x0000022d93ca0000]
 total_blobs=4060 nmethods=3242 adapters=730
 compilation: enabled
              stopped_count=0, restarted_count=0
 full_count=0

Compilation events (20 events):
Event: 107.378 Thread 0x0000022da9deae10 3235       4       com.sun.javafx.sg.prism.NGRegion::renderBackgroundRectanglesDirectly (346 bytes)
Event: 107.401 Thread 0x0000022da9deae10 nmethod 3235 0x0000022d9b368b90 code [0x0000022d9b368de0, 0x0000022d9b369d08]
Event: 108.356 Thread 0x0000022da9e4eec0 3236       3       jdk.internal.org.objectweb.asm.MethodVisitor::visitInsn (16 bytes)
Event: 108.356 Thread 0x0000022da9e4eec0 nmethod 3236 0x0000022d94272310 code [0x0000022d942724c0, 0x0000022d942726c8]
Event: 108.358 Thread 0x0000022da9e4eec0 3237       3       java.util.concurrent.CountDownLatch::await (9 bytes)
Event: 108.359 Thread 0x0000022da9e4eec0 nmethod 3237 0x0000022d94272790 code [0x0000022d94272940, 0x0000022d94272a88]
Event: 108.360 Thread 0x0000022da9e4eec0 3238       3       java.lang.invoke.BoundMethodHandle::bindArgumentL (11 bytes)
Event: 108.361 Thread 0x0000022da9e4eec0 nmethod 3238 0x0000022d94272b90 code [0x0000022d94272d80, 0x0000022d94273278]
Event: 108.361 Thread 0x0000022da9e4eec0 3239       3       java.lang.invoke.LambdaFormEditor::bindArgumentL (59 bytes)
Event: 108.362 Thread 0x0000022da9e4eec0 nmethod 3239 0x0000022d94273490 code [0x0000022d94273660, 0x0000022d94273908]
Event: 108.370 Thread 0x0000022da9deae10 3240       4       java.lang.invoke.MethodType::makeImpl (108 bytes)
Event: 108.851 Thread 0x0000022da9deae10 nmethod 3240 0x0000022d9b36a810 code [0x0000022d9b36ae80, 0x0000022d9b371d58]
Event: 111.395 Thread 0x0000022da9e4eec0 3241   !   3       java.lang.ref.ReferenceQueue::remove (125 bytes)
Event: 111.396 Thread 0x0000022da9e4eec0 nmethod 3241 0x0000022d94273a10 code [0x0000022d94273c40, 0x0000022d942743d8]
Event: 111.396 Thread 0x0000022da9e4eec0 3242   !   3       jdk.internal.ref.PhantomCleanable::isListEmpty (34 bytes)
Event: 111.396 Thread 0x0000022da9e4eec0 nmethod 3242 0x0000022d94274710 code [0x0000022d942748c0, 0x0000022d94274b18]
Event: 111.396 Thread 0x0000022da9e4eec0 3243       3       jdk.internal.misc.InnocuousThread::eraseThreadLocals (23 bytes)
Event: 111.396 Thread 0x0000022da9e4eec0 nmethod 3243 0x0000022d94274c10 code [0x0000022d94274dc0, 0x0000022d94274fb8]
Event: 111.396 Thread 0x0000022da9e4eec0 3244       3       java.lang.invoke.MethodHandleNatives$CallSiteContext::run (5 bytes)
Event: 111.396 Thread 0x0000022da9e4eec0 nmethod 3244 0x0000022d94275090 code [0x0000022d94275240, 0x0000022d94275368]

GC Heap History (20 events):
Event: 483.044 GC heap after
{Heap after GC invocations=4528 (full 0):
 garbage-first heap   total 208896K, used 135433K [0x0000000081c00000, 0x0000000100000000)
  region size 1024K, 0 young (0K), 0 survivors (0K)
 Metaspace       used 16339K, committed 16576K, reserved 1064960K
  class space    used 2180K, committed 2304K, reserved 1048576K
}
Event: 483.322 GC heap before
{Heap before GC invocations=4529 (full 0):
 garbage-first heap   total 208896K, used 141577K [0x0000000081c00000, 0x0000000100000000)
  region size 1024K, 0 young (0K), 0 survivors (0K)
 Metaspace       used 16339K, committed 16576K, reserved 1064960K
  class space    used 2180K, committed 2304K, reserved 1048576K
}
Event: 483.347 GC heap after
{Heap after GC invocations=4530 (full 0):
 garbage-first heap   total 387072K, used 141577K [0x0000000081c00000, 0x0000000100000000)
  region size 1024K, 0 young (0K), 0 survivors (0K)
 Metaspace       used 16339K, committed 16576K, reserved 1064960K
  class space    used 2180K, committed 2304K, reserved 1048576K
}
Event: 483.389 GC heap before
{Heap before GC invocations=4530 (full 0):
 garbage-first heap   total 387072K, used 172297K [0x0000000081c00000, 0x0000000100000000)
  region size 1024K, 0 young (0K), 0 survivors (0K)
 Metaspace       used 16339K, committed 16576K, reserved 1064960K
  class space    used 2180K, committed 2304K, reserved 1048576K
}
Event: 483.420 GC heap after
{Heap after GC invocations=4531 (full 0):
 garbage-first heap   total 387072K, used 172297K [0x0000000081c00000, 0x0000000100000000)
  region size 1024K, 0 young (0K), 0 survivors (0K)
 Metaspace       used 16339K, committed 16576K, reserved 1064960K
  class space    used 2180K, committed 2304K, reserved 1048576K
}
Event: 483.445 GC heap before
{Heap before GC invocations=4531 (full 0):
 garbage-first heap   total 387072K, used 178441K [0x0000000081c00000, 0x0000000100000000)
  region size 1024K, 0 young (0K), 0 survivors (0K)
 Metaspace       used 16339K, committed 16576K, reserved 1064960K
  class space    used 2180K, committed 2304K, reserved 1048576K
}
Event: 483.454 GC heap after
{Heap after GC invocations=4532 (full 0):
 garbage-first heap   total 387072K, used 178441K [0x0000000081c00000, 0x0000000100000000)
  region size 1024K, 0 young (0K), 0 survivors (0K)
 Metaspace       used 16339K, committed 16576K, reserved 1064960K
  class space    used 2180K, committed 2304K, reserved 1048576K
}
Event: 483.732 GC heap before
{Heap before GC invocations=4533 (full 0):
 garbage-first heap   total 270336K, used 117001K [0x0000000081c00000, 0x0000000100000000)
  region size 1024K, 0 young (0K), 0 survivors (0K)
 Metaspace       used 16339K, committed 16576K, reserved 1064960K
  class space    used 2180K, committed 2304K, reserved 1048576K
}
Event: 483.756 GC heap after
{Heap after GC invocations=4534 (full 0):
 garbage-first heap   total 270336K, used 117001K [0x0000000081c00000, 0x0000000100000000)
  region size 1024K, 0 young (0K), 0 survivors (0K)
 Metaspace       used 16339K, committed 16576K, reserved 1064960K
  class space    used 2180K, committed 2304K, reserved 1048576K
}
Event: 483.789 GC heap before
{Heap before GC invocations=4534 (full 0):
 garbage-first heap   total 270336K, used 123145K [0x0000000081c00000, 0x0000000100000000)
  region size 1024K, 0 young (0K), 0 survivors (0K)
 Metaspace       used 16339K, committed 16576K, reserved 1064960K
  class space    used 2180K, committed 2304K, reserved 1048576K
}
Event: 483.799 GC heap after
{Heap after GC invocations=4535 (full 0):
 garbage-first heap   total 270336K, used 123145K [0x0000000081c00000, 0x0000000100000000)
  region size 1024K, 0 young (0K), 0 survivors (0K)
 Metaspace       used 16339K, committed 16576K, reserved 1064960K
  class space    used 2180K, committed 2304K, reserved 1048576K
}
Event: 484.150 GC heap before
{Heap before GC invocations=4536 (full 0):
 garbage-first heap   total 270336K, used 141577K [0x0000000081c00000, 0x0000000100000000)
  region size 1024K, 0 young (0K), 0 survivors (0K)
 Metaspace       used 16339K, committed 16576K, reserved 1064960K
  class space    used 2180K, committed 2304K, reserved 1048576K
}
Event: 484.170 GC heap after
{Heap after GC invocations=4537 (full 0):
 garbage-first heap   total 270336K, used 141577K [0x0000000081c00000, 0x0000000100000000)
  region size 1024K, 0 young (0K), 0 survivors (0K)
 Metaspace       used 16339K, committed 16576K, reserved 1064960K
  class space    used 2180K, committed 2304K, reserved 1048576K
}
Event: 484.436 GC heap before
{Heap before GC invocations=4538 (full 0):
 garbage-first heap   total 270336K, used 141577K [0x0000000081c00000, 0x0000000100000000)
  region size 1024K, 0 young (0K), 0 survivors (0K)
 Metaspace       used 16339K, committed 16576K, reserved 1064960K
  class space    used 2180K, committed 2304K, reserved 1048576K
}
Event: 484.456 GC heap after
{Heap after GC invocations=4539 (full 0):
 garbage-first heap   total 270336K, used 141577K [0x0000000081c00000, 0x0000000100000000)
  region size 1024K, 0 young (0K), 0 survivors (0K)
 Metaspace       used 16339K, committed 16576K, reserved 1064960K
  class space    used 2180K, committed 2304K, reserved 1048576K
}
Event: 484.726 GC heap before
{Heap before GC invocations=4540 (full 0):
 garbage-first heap   total 270336K, used 129289K [0x0000000081c00000, 0x0000000100000000)
  region size 1024K, 0 young (0K), 0 survivors (0K)
 Metaspace       used 16339K, committed 16576K, reserved 1064960K
  class space    used 2180K, committed 2304K, reserved 1048576K
}
Event: 484.753 GC heap after
{Heap after GC invocations=4541 (full 0):
 garbage-first heap   total 270336K, used 129289K [0x0000000081c00000, 0x0000000100000000)
  region size 1024K, 0 young (0K), 0 survivors (0K)
 Metaspace       used 16339K, committed 16576K, reserved 1064960K
  class space    used 2180K, committed 2304K, reserved 1048576K
}
Event: 485.072 GC heap before
{Heap before GC invocations=4542 (full 0):
 garbage-first heap   total 249856K, used 110857K [0x0000000081c00000, 0x0000000100000000)
  region size 1024K, 0 young (0K), 0 survivors (0K)
 Metaspace       used 16339K, committed 16576K, reserved 1064960K
  class space    used 2180K, committed 2304K, reserved 1048576K
}
Event: 485.094 GC heap after
{Heap after GC invocations=4543 (full 0):
 garbage-first heap   total 249856K, used 110857K [0x0000000081c00000, 0x0000000100000000)
  region size 1024K, 0 young (0K), 0 survivors (0K)
 Metaspace       used 16339K, committed 16576K, reserved 1064960K
  class space    used 2180K, committed 2304K, reserved 1048576K
}
Event: 485.100 GC heap before
{Heap before GC invocations=4543 (full 0):
 garbage-first heap   total 249856K, used 117001K [0x0000000081c00000, 0x0000000100000000)
  region size 1024K, 0 young (0K), 0 survivors (0K)
 Metaspace       used 16339K, committed 16576K, reserved 1064960K
  class space    used 2180K, committed 2304K, reserved 1048576K
}

Deoptimization events (20 events):
Event: 108.358 Thread 0x0000022daabb1cb0 Uncommon trap: trap_request=0xffffffde fr.pc=0x0000022d9b322844 relative=0x0000000000004d84
Event: 108.358 Thread 0x0000022daabb1cb0 Uncommon trap: reason=class_check action=maybe_recompile pc=0x0000022d9b322844 method=com.sun.javafx.application.PlatformImpl.lambda$runLater$10(Ljava/lang/Runnable;)Ljava/lang/Void; @ 1 c2
Event: 108.358 Thread 0x0000022daabb1cb0 DEOPT PACKING pc=0x0000022d9b322844 sp=0x000000cfa7ffe470
Event: 108.359 Thread 0x0000022daabb1cb0 DEOPT UNPACKING pc=0x0000022d9374d72e sp=0x000000cfa7ffe238 mode 2
Event: 108.371 Thread 0x0000022daabb1cb0 Uncommon trap: trap_request=0xffffff45 fr.pc=0x0000022d9b2e0a58 relative=0x0000000000000138
Event: 108.371 Thread 0x0000022daabb1cb0 Uncommon trap: reason=unstable_if action=reinterpret pc=0x0000022d9b2e0a58 method=java.util.concurrent.locks.ReentrantLock$NonfairSync.initialTryLock()Z @ 10 c2
Event: 108.371 Thread 0x0000022daabb1cb0 DEOPT PACKING pc=0x0000022d9b2e0a58 sp=0x000000cfa7ffdc60
Event: 108.371 Thread 0x0000022daabb1cb0 DEOPT UNPACKING pc=0x0000022d9374d72e sp=0x000000cfa7ffdc08 mode 2
Event: 108.371 Thread 0x0000022daabb1cb0 Uncommon trap: trap_request=0xffffff45 fr.pc=0x0000022d9b341bc0 relative=0x0000000000000120
Event: 108.371 Thread 0x0000022daabb1cb0 Uncommon trap: reason=unstable_if action=reinterpret pc=0x0000022d9b341bc0 method=java.util.concurrent.locks.ReentrantLock$Sync.tryRelease(I)Z @ 26 c2
Event: 108.371 Thread 0x0000022daabb1cb0 DEOPT PACKING pc=0x0000022d9b341bc0 sp=0x000000cfa7ffdca0
Event: 108.371 Thread 0x0000022daabb1cb0 DEOPT UNPACKING pc=0x0000022d9374d72e sp=0x000000cfa7ffdb90 mode 2
Event: 108.374 Thread 0x0000022daa9ece40 Uncommon trap: trap_request=0xffffff45 fr.pc=0x0000022d9b3424bc relative=0x00000000000004bc
Event: 108.374 Thread 0x0000022daa9ece40 Uncommon trap: reason=unstable_if action=reinterpret pc=0x0000022d9b3424bc method=java.util.concurrent.locks.AbstractQueuedSynchronizer$ConditionNode.isReleasable()Z @ 14 c2
Event: 108.374 Thread 0x0000022daa9ece40 DEOPT PACKING pc=0x0000022d9b3424bc sp=0x000000cfa77fec60
Event: 108.374 Thread 0x0000022daa9ece40 DEOPT UNPACKING pc=0x0000022d9374d72e sp=0x000000cfa77fead0 mode 2
Event: 108.374 Thread 0x0000022daa9ece40 Uncommon trap: trap_request=0xffffff45 fr.pc=0x0000022d9b301148 relative=0x0000000000000048
Event: 108.374 Thread 0x0000022daa9ece40 Uncommon trap: reason=unstable_if action=reinterpret pc=0x0000022d9b301148 method=java.lang.Thread.interrupted()Z @ 10 c2
Event: 108.374 Thread 0x0000022daa9ece40 DEOPT PACKING pc=0x0000022d9b301148 sp=0x000000cfa77fec10
Event: 108.374 Thread 0x0000022daa9ece40 DEOPT UNPACKING pc=0x0000022d9374d72e sp=0x000000cfa77feba0 mode 2

Classes unloaded (0 events):
No events

Classes redefined (0 events):
No events

Internal exceptions (20 events):
Event: 2.985 Thread 0x0000022daabb1cb0 Exception <a 'java/lang/NullPointerException'{0x0000000089252f20}> (0x0000000089252f20) 
thrown [c:\wsjdk\correttojdksrc\installers\windows\zip\corretto-build\buildroot\src\hotspot\share\interpreter\linkResolver.cpp, line 1385]
Event: 3.118 Thread 0x0000022daabb1cb0 Exception <a 'java/lang/ClassNotFoundException'{0x000000008909cb30}: com/sun/glass/ui/win/themes> (0x000000008909cb30) 
thrown [c:\wsjdk\correttojdksrc\installers\windows\zip\corretto-build\buildroot\src\hotspot\share\prims\jni.cpp, line 600]
Event: 3.121 Thread 0x0000022daabb1cb0 Exception <a 'java/lang/ClassNotFoundException'{0x00000000890a4e88}: com/sun/glass/ui/win/themes_fr> (0x00000000890a4e88) 
thrown [c:\wsjdk\correttojdksrc\installers\windows\zip\corretto-build\buildroot\src\hotspot\share\prims\jni.cpp, line 600]
Event: 3.122 Thread 0x0000022daabb1cb0 Exception <a 'java/lang/ClassNotFoundException'{0x00000000890a6f40}: com/sun/glass/ui/win/themes_fr_FR> (0x00000000890a6f40) 
thrown [c:\wsjdk\correttojdksrc\installers\windows\zip\corretto-build\buildroot\src\hotspot\share\prims\jni.cpp, line 600]
Event: 3.400 Thread 0x0000022daabb1cb0 Exception <a 'java/lang/NoSuchMethodError'{0x0000000089ac4148}: 'void java.lang.invoke.DirectMethodHandle$Holder.invokeStaticInit(java.lang.Object, java.lang.Object)'> (0x0000000089ac4148) 
thrown [c:\wsjdk\correttojdksrc\installers\windows\zip\corretto-build\buildroot\src\hotspot\share\interpreter\linkResolver.cpp, line 790]
Event: 3.410 Thread 0x0000022daabb1cb0 Exception <a 'java/lang/NoSuchMethodError'{0x0000000089af97e0}: 'void java.lang.invoke.DirectMethodHandle$Holder.invokeSpecial(java.lang.Object, java.lang.Object, java.lang.Object, java.lang.Object, java.lang.Object)'> (0x0000000089af97e0) 
thrown [c:\wsjdk\correttojdksrc\installers\windows\zip\corretto-build\buildroot\src\hotspot\share\interpreter\linkResolver.cpp, line 790]
Event: 3.964 Thread 0x0000022daabb1cb0 Implicit null exception at 0x0000022d9b22900a to 0x0000022d9b22935c
Event: 3.965 Thread 0x0000022daabb1cb0 Implicit null exception at 0x0000022d9b22688a to 0x0000022d9b226bc4
Event: 4.320 Thread 0x0000022daabb1cb0 Exception <a 'java/lang/NoSuchMethodError'{0x0000000088d3e5f0}: 'java.lang.Object java.lang.invoke.DirectMethodHandle$Holder.invokeInterface(java.lang.Object, java.lang.Object, java.lang.Object)'> (0x0000000088d3e5f0) 
thrown [c:\wsjdk\correttojdksrc\installers\windows\zip\corretto-build\buildroot\src\hotspot\share\interpreter\linkResolver.cpp, line 790]
Event: 4.321 Thread 0x0000022daabb1cb0 Exception <a 'java/lang/IncompatibleClassChangeError'{0x0000000088d42170}: Found class java.lang.Object, but interface was expected> (0x0000000088d42170) 
thrown [c:\wsjdk\correttojdksrc\installers\windows\zip\corretto-build\buildroot\src\hotspot\share\interpreter\linkResolver.cpp, line 857]
Event: 4.410 Thread 0x0000022daabb1cb0 Exception <a 'java/lang/ClassNotFoundException'{0x0000000088b8fa48}: com/sun/javafx/scene/control/skin/resources/controls> (0x0000000088b8fa48) 
thrown [c:\wsjdk\correttojdksrc\installers\windows\zip\corretto-build\buildroot\src\hotspot\share\prims\jni.cpp, line 600]
Event: 4.413 Thread 0x0000022daabb1cb0 Exception <a 'java/lang/ClassNotFoundException'{0x0000000088b9da00}: com/sun/javafx/scene/control/skin/resources/controls_fr> (0x0000000088b9da00) 
thrown [c:\wsjdk\correttojdksrc\installers\windows\zip\corretto-build\buildroot\src\hotspot\share\prims\jni.cpp, line 600]
Event: 4.417 Thread 0x0000022daabb1cb0 Exception <a 'java/lang/ClassNotFoundException'{0x0000000088bab750}: com/sun/javafx/scene/control/skin/resources/controls_fr_FR> (0x0000000088bab750) 
thrown [c:\wsjdk\correttojdksrc\installers\windows\zip\corretto-build\buildroot\src\hotspot\share\prims\jni.cpp, line 600]
Event: 4.545 Thread 0x0000022daabb1cb0 Exception <a 'java/lang/NoSuchMethodError'{0x0000000088670428}: 'void java.lang.invoke.DirectMethodHandle$Holder.invokeSpecial(java.lang.Object, java.lang.Object, java.lang.Object, java.lang.Object, java.lang.Object, java.lang.Object)'> (0x0000000088670428) 
thrown [c:\wsjdk\correttojdksrc\installers\windows\zip\corretto-build\buildroot\src\hotspot\share\interpreter\linkResolver.cpp, line 790]
Event: 4.702 Thread 0x0000022daabb1cb0 Exception <a 'java/lang/NoSuchMethodError'{0x000000008845be20}: 'java.lang.Object java.lang.invoke.DirectMethodHandle$Holder.newInvokeSpecial(java.lang.Object, java.lang.Object, int)'> (0x000000008845be20) 
thrown [c:\wsjdk\correttojdksrc\installers\windows\zip\corretto-build\buildroot\src\hotspot\share\interpreter\linkResolver.cpp, line 790]
Event: 4.765 Thread 0x0000022daa9ece40 Exception <a 'java/lang/NoSuchMethodError'{0x000000008839a770}: 'int java.lang.invoke.DirectMethodHandle$Holder.invokeStaticInit(java.lang.Object, java.lang.Object)'> (0x000000008839a770) 
thrown [c:\wsjdk\correttojdksrc\installers\windows\zip\corretto-build\buildroot\src\hotspot\share\interpreter\linkResolver.cpp, line 790]
Event: 4.783 Thread 0x0000022daabb1cb0 Exception <a 'java/lang/NoSuchMethodError'{0x0000000088321660}: 'long java.lang.invoke.DirectMethodHandle$Holder.invokeStatic(java.lang.Object, java.lang.Object, java.lang.Object)'> (0x0000000088321660) 
thrown [c:\wsjdk\correttojdksrc\installers\windows\zip\corretto-build\buildroot\src\hotspot\share\interpreter\linkResolver.cpp, line 790]
Event: 4.784 Thread 0x0000022daabb1cb0 Exception <a 'java/lang/NoSuchMethodError'{0x0000000088325010}: 'long java.lang.invoke.DirectMethodHandle$Holder.invokeStaticInit(java.lang.Object, java.lang.Object, java.lang.Object)'> (0x0000000088325010) 
thrown [c:\wsjdk\correttojdksrc\installers\windows\zip\corretto-build\buildroot\src\hotspot\share\interpreter\linkResolver.cpp, line 790]
Event: 4.795 Thread 0x0000022daabb1cb0 Exception <a 'java/lang/NoSuchMethodError'{0x000000008833cf30}: 'java.lang.Object java.lang.invoke.DirectMethodHandle$Holder.newInvokeSpecial(java.lang.Object, java.lang.Object, long)'> (0x000000008833cf30) 
thrown [c:\wsjdk\correttojdksrc\installers\windows\zip\corretto-build\buildroot\src\hotspot\share\interpreter\linkResolver.cpp, line 790]
Event: 4.796 Thread 0x0000022daabb1cb0 Exception <a 'java/lang/NoSuchMethodError'{0x0000000088340ca0}: 'java.lang.Object java.lang.invoke.Invokers$Holder.linkToTargetMethod(java.lang.Object, long, java.lang.Object)'> (0x0000000088340ca0) 
thrown [c:\wsjdk\correttojdksrc\installers\windows\zip\corretto-build\buildroot\src\hotspot\share\interpreter\linkResolver.cpp, line 790]

Events (20 events):
Event: 484.170 Executing  VM operation: G1TryInitiateConcMark done
Event: 484.237 Executing  VM operation: G1Concurrent
Event: 484.241 Executing  VM operation: G1Concurrent done
Event: 484.421 Executing  VM operation: G1Concurrent
Event: 484.421 Executing  VM operation: G1Concurrent done
Event: 484.436 Executing  VM operation: G1TryInitiateConcMark
Event: 484.456 Executing  VM operation: G1TryInitiateConcMark done
Event: 484.522 Executing  VM operation: G1Concurrent
Event: 484.527 Executing  VM operation: G1Concurrent done
Event: 484.706 Executing  VM operation: G1Concurrent
Event: 484.719 Executing  VM operation: G1Concurrent done
Event: 484.726 Executing  VM operation: G1TryInitiateConcMark
Event: 484.753 Executing  VM operation: G1TryInitiateConcMark done
Event: 484.820 Executing  VM operation: G1Concurrent
Event: 484.823 Executing  VM operation: G1Concurrent done
Event: 484.979 Executing  VM operation: G1Concurrent
Event: 484.979 Executing  VM operation: G1Concurrent done
Event: 485.072 Executing  VM operation: G1TryInitiateConcMark
Event: 485.094 Executing  VM operation: G1TryInitiateConcMark done
Event: 485.100 Executing  VM operation: G1TryInitiateConcMark


Dynamic libraries:
0x00007ff7661f0000 - 0x00007ff7661fd000 	C:\Users\lhost\.jdks\corretto-16.0.2\bin\java.exe
0x00007ffcab690000 - 0x00007ffcab885000 	C:\Windows\SYSTEM32\ntdll.dll
0x00007ffca9780000 - 0x00007ffca983e000 	C:\Windows\System32\KERNEL32.DLL
0x00007ffca9090000 - 0x00007ffca9358000 	C:\Windows\System32\KERNELBASE.dll
0x00007ffca9360000 - 0x00007ffca9460000 	C:\Windows\System32\ucrtbase.dll
0x00007ffca4960000 - 0x00007ffca4975000 	C:\Users\lhost\.jdks\corretto-16.0.2\bin\VCRUNTIME140.dll
0x00007ffca49d0000 - 0x00007ffca49e8000 	C:\Users\lhost\.jdks\corretto-16.0.2\bin\jli.dll
0x00007ffca9d60000 - 0x00007ffca9f01000 	C:\Windows\System32\USER32.dll
0x00007ffca8e30000 - 0x00007ffca8e52000 	C:\Windows\System32\win32u.dll
0x00007ffcaa000000 - 0x00007ffcaa02b000 	C:\Windows\System32\GDI32.dll
0x00007ffca95c0000 - 0x00007ffca96cd000 	C:\Windows\System32\gdi32full.dll
0x00007ffca8e60000 - 0x00007ffca8efd000 	C:\Windows\System32\msvcp_win.dll
0x00007ffc9cc00000 - 0x00007ffc9ce9a000 	C:\Windows\WinSxS\amd64_microsoft.windows.common-controls_6595b64144ccf1df_6.0.19041.1110_none_60b5254171f9507e\COMCTL32.dll
0x00007ffcab5b0000 - 0x00007ffcab64e000 	C:\Windows\System32\msvcrt.dll
0x00007ffca9cc0000 - 0x00007ffca9cf0000 	C:\Windows\System32\IMM32.DLL
0x00007ffca3df0000 - 0x00007ffca3e8b000 	C:\Users\lhost\.jdks\corretto-16.0.2\bin\msvcp140.dll
0x00007ffc5e680000 - 0x00007ffc5f289000 	C:\Users\lhost\.jdks\corretto-16.0.2\bin\server\jvm.dll
0x00007ffcaa2a0000 - 0x00007ffcaa34e000 	C:\Windows\System32\ADVAPI32.dll
0x00007ffcaa170000 - 0x00007ffcaa20c000 	C:\Windows\System32\sechost.dll
0x00007ffcaa350000 - 0x00007ffcaa475000 	C:\Windows\System32\RPCRT4.dll
0x00007ffca9d50000 - 0x00007ffca9d58000 	C:\Windows\System32\PSAPI.DLL
0x00007ffca1c90000 - 0x00007ffca1c9a000 	C:\Windows\SYSTEM32\VERSION.dll
0x00007ffc9e0a0000 - 0x00007ffc9e0c7000 	C:\Windows\SYSTEM32\WINMM.dll
0x00007ffca2600000 - 0x00007ffca2609000 	C:\Windows\SYSTEM32\WSOCK32.dll
0x00007ffcaa100000 - 0x00007ffcaa16b000 	C:\Windows\System32\WS2_32.dll
0x00007ffca6c50000 - 0x00007ffca6c62000 	C:\Windows\SYSTEM32\kernel.appcore.dll
0x00007ffca4c50000 - 0x00007ffca4c5a000 	C:\Users\lhost\.jdks\corretto-16.0.2\bin\jimage.dll
0x00007ffc98b50000 - 0x00007ffc98d34000 	C:\Windows\SYSTEM32\DBGHELP.DLL
0x00007ffc98a10000 - 0x00007ffc98a3c000 	C:\Windows\SYSTEM32\dbgcore.DLL
0x00007ffca8da0000 - 0x00007ffca8e22000 	C:\Windows\System32\bcryptPrimitives.dll
0x00007ffca4920000 - 0x00007ffca492e000 	C:\Users\lhost\.jdks\corretto-16.0.2\bin\instrument.dll
0x00007ffca4930000 - 0x00007ffca4955000 	C:\Users\lhost\.jdks\corretto-16.0.2\bin\java.dll
0x00007ffcaae60000 - 0x00007ffcab5a4000 	C:\Windows\System32\SHELL32.dll
0x00007ffca6e50000 - 0x00007ffca75e5000 	C:\Windows\SYSTEM32\windows.storage.dll
0x00007ffca9840000 - 0x00007ffca9b95000 	C:\Windows\System32\combase.dll
0x00007ffca8720000 - 0x00007ffca874e000 	C:\Windows\SYSTEM32\Wldp.dll
0x00007ffca96d0000 - 0x00007ffca977d000 	C:\Windows\System32\SHCORE.dll
0x00007ffcaa690000 - 0x00007ffcaa6e5000 	C:\Windows\System32\shlwapi.dll
0x00007ffca8ce0000 - 0x00007ffca8cff000 	C:\Windows\SYSTEM32\profapi.dll
0x00007ffca4290000 - 0x00007ffca42a9000 	C:\Users\lhost\.jdks\corretto-16.0.2\bin\net.dll
0x00007ffca3160000 - 0x00007ffca326c000 	C:\Windows\SYSTEM32\WINHTTP.dll
0x00007ffca8440000 - 0x00007ffca84aa000 	C:\Windows\system32\mswsock.dll
0x00007ffca4270000 - 0x00007ffca4283000 	C:\Users\lhost\.jdks\corretto-16.0.2\bin\nio.dll
0x00007ffca4250000 - 0x00007ffca4268000 	C:\Users\lhost\.jdks\corretto-16.0.2\bin\zip.dll
0x00007ffca1700000 - 0x00007ffca171a000 	D:\Téléchargements\IntelliJ\Installation\IntelliJ IDEA Community Edition 2021.2.3\bin\breakgen64.dll
0x0000022da9ff0000 - 0x0000022da9ff3000 	D:\Téléchargements\IntelliJ\SDK-JDK\SDK-17-Win\javafx-sdk-17.0.1\bin\api-ms-win-core-console-l1-1-0.dll
0x0000022dac3d0000 - 0x0000022dac3d3000 	D:\Téléchargements\IntelliJ\SDK-JDK\SDK-17-Win\javafx-sdk-17.0.1\bin\api-ms-win-core-console-l1-2-0.dll
0x0000022dac3e0000 - 0x0000022dac3e3000 	D:\Téléchargements\IntelliJ\SDK-JDK\SDK-17-Win\javafx-sdk-17.0.1\bin\api-ms-win-core-datetime-l1-1-0.dll
0x0000022dac410000 - 0x0000022dac413000 	D:\Téléchargements\IntelliJ\SDK-JDK\SDK-17-Win\javafx-sdk-17.0.1\bin\api-ms-win-core-debug-l1-1-0.dll
0x0000022dac3f0000 - 0x0000022dac3f3000 	D:\Téléchargements\IntelliJ\SDK-JDK\SDK-17-Win\javafx-sdk-17.0.1\bin\api-ms-win-core-errorhandling-l1-1-0.dll
0x0000022dac400000 - 0x0000022dac404000 	D:\Téléchargements\IntelliJ\SDK-JDK\SDK-17-Win\javafx-sdk-17.0.1\bin\api-ms-win-core-file-l1-1-0.dll
0x0000022dac440000 - 0x0000022dac443000 	D:\Téléchargements\IntelliJ\SDK-JDK\SDK-17-Win\javafx-sdk-17.0.1\bin\api-ms-win-core-file-l1-2-0.dll
0x0000022dac420000 - 0x0000022dac423000 	D:\Téléchargements\IntelliJ\SDK-JDK\SDK-17-Win\javafx-sdk-17.0.1\bin\api-ms-win-core-file-l2-1-0.dll
0x0000022dac430000 - 0x0000022dac433000 	D:\Téléchargements\IntelliJ\SDK-JDK\SDK-17-Win\javafx-sdk-17.0.1\bin\api-ms-win-core-handle-l1-1-0.dll
0x0000022dac450000 - 0x0000022dac453000 	D:\Téléchargements\IntelliJ\SDK-JDK\SDK-17-Win\javafx-sdk-17.0.1\bin\api-ms-win-core-heap-l1-1-0.dll
0x0000022dac460000 - 0x0000022dac463000 	D:\Téléchargements\IntelliJ\SDK-JDK\SDK-17-Win\javafx-sdk-17.0.1\bin\api-ms-win-core-interlocked-l1-1-0.dll
0x0000022dac470000 - 0x0000022dac473000 	D:\Téléchargements\IntelliJ\SDK-JDK\SDK-17-Win\javafx-sdk-17.0.1\bin\api-ms-win-core-libraryloader-l1-1-0.dll
0x0000022dac480000 - 0x0000022dac483000 	D:\Téléchargements\IntelliJ\SDK-JDK\SDK-17-Win\javafx-sdk-17.0.1\bin\api-ms-win-core-localization-l1-2-0.dll
0x0000022dac490000 - 0x0000022dac493000 	D:\Téléchargements\IntelliJ\SDK-JDK\SDK-17-Win\javafx-sdk-17.0.1\bin\api-ms-win-core-memory-l1-1-0.dll
0x0000022dac4a0000 - 0x0000022dac4a3000 	D:\Téléchargements\IntelliJ\SDK-JDK\SDK-17-Win\javafx-sdk-17.0.1\bin\api-ms-win-core-namedpipe-l1-1-0.dll
0x0000022dac4b0000 - 0x0000022dac4b3000 	D:\Téléchargements\IntelliJ\SDK-JDK\SDK-17-Win\javafx-sdk-17.0.1\bin\api-ms-win-core-processenvironment-l1-1-0.dll
0x0000022dac4c0000 - 0x0000022dac4c3000 	D:\Téléchargements\IntelliJ\SDK-JDK\SDK-17-Win\javafx-sdk-17.0.1\bin\api-ms-win-core-processthreads-l1-1-0.dll
0x0000022dac4d0000 - 0x0000022dac4d3000 	D:\Téléchargements\IntelliJ\SDK-JDK\SDK-17-Win\javafx-sdk-17.0.1\bin\api-ms-win-core-processthreads-l1-1-1.dll
0x0000022dac4e0000 - 0x0000022dac4e3000 	D:\Téléchargements\IntelliJ\SDK-JDK\SDK-17-Win\javafx-sdk-17.0.1\bin\api-ms-win-core-profile-l1-1-0.dll
0x0000022dac4f0000 - 0x0000022dac4f3000 	D:\Téléchargements\IntelliJ\SDK-JDK\SDK-17-Win\javafx-sdk-17.0.1\bin\api-ms-win-core-rtlsupport-l1-1-0.dll
0x0000022dac500000 - 0x0000022dac503000 	D:\Téléchargements\IntelliJ\SDK-JDK\SDK-17-Win\javafx-sdk-17.0.1\bin\api-ms-win-core-string-l1-1-0.dll
0x0000022dac510000 - 0x0000022dac513000 	D:\Téléchargements\IntelliJ\SDK-JDK\SDK-17-Win\javafx-sdk-17.0.1\bin\api-ms-win-core-synch-l1-1-0.dll
0x0000022dac520000 - 0x0000022dac523000 	D:\Téléchargements\IntelliJ\SDK-JDK\SDK-17-Win\javafx-sdk-17.0.1\bin\api-ms-win-core-synch-l1-2-0.dll
0x0000022dac530000 - 0x0000022dac533000 	D:\Téléchargements\IntelliJ\SDK-JDK\SDK-17-Win\javafx-sdk-17.0.1\bin\api-ms-win-core-sysinfo-l1-1-0.dll
0x0000022dac540000 - 0x0000022dac543000 	D:\Téléchargements\IntelliJ\SDK-JDK\SDK-17-Win\javafx-sdk-17.0.1\bin\api-ms-win-core-timezone-l1-1-0.dll
0x0000022dac550000 - 0x0000022dac553000 	D:\Téléchargements\IntelliJ\SDK-JDK\SDK-17-Win\javafx-sdk-17.0.1\bin\api-ms-win-core-util-l1-1-0.dll
0x0000022dac560000 - 0x0000022dac563000 	D:\Téléchargements\IntelliJ\SDK-JDK\SDK-17-Win\javafx-sdk-17.0.1\bin\api-ms-win-crt-conio-l1-1-0.dll
0x0000022dac570000 - 0x0000022dac574000 	D:\Téléchargements\IntelliJ\SDK-JDK\SDK-17-Win\javafx-sdk-17.0.1\bin\api-ms-win-crt-convert-l1-1-0.dll
0x0000022dac580000 - 0x0000022dac583000 	D:\Téléchargements\IntelliJ\SDK-JDK\SDK-17-Win\javafx-sdk-17.0.1\bin\api-ms-win-crt-environment-l1-1-0.dll
0x0000022dac590000 - 0x0000022dac593000 	D:\Téléchargements\IntelliJ\SDK-JDK\SDK-17-Win\javafx-sdk-17.0.1\bin\api-ms-win-crt-filesystem-l1-1-0.dll
0x0000022dac5a0000 - 0x0000022dac5a3000 	D:\Téléchargements\IntelliJ\SDK-JDK\SDK-17-Win\javafx-sdk-17.0.1\bin\api-ms-win-crt-heap-l1-1-0.dll
0x0000022dac5b0000 - 0x0000022dac5b3000 	D:\Téléchargements\IntelliJ\SDK-JDK\SDK-17-Win\javafx-sdk-17.0.1\bin\api-ms-win-crt-locale-l1-1-0.dll
0x0000022dac5c0000 - 0x0000022dac5c5000 	D:\Téléchargements\IntelliJ\SDK-JDK\SDK-17-Win\javafx-sdk-17.0.1\bin\api-ms-win-crt-math-l1-1-0.dll
0x0000022dac5d0000 - 0x0000022dac5d5000 	D:\Téléchargements\IntelliJ\SDK-JDK\SDK-17-Win\javafx-sdk-17.0.1\bin\api-ms-win-crt-multibyte-l1-1-0.dll
0x0000022dac5e0000 - 0x0000022dac5f0000 	D:\Téléchargements\IntelliJ\SDK-JDK\SDK-17-Win\javafx-sdk-17.0.1\bin\api-ms-win-crt-private-l1-1-0.dll
0x0000022dac5f0000 - 0x0000022dac5f3000 	D:\Téléchargements\IntelliJ\SDK-JDK\SDK-17-Win\javafx-sdk-17.0.1\bin\api-ms-win-crt-process-l1-1-0.dll
0x0000022dac600000 - 0x0000022dac604000 	D:\Téléchargements\IntelliJ\SDK-JDK\SDK-17-Win\javafx-sdk-17.0.1\bin\api-ms-win-crt-runtime-l1-1-0.dll
0x0000022dac610000 - 0x0000022dac614000 	D:\Téléchargements\IntelliJ\SDK-JDK\SDK-17-Win\javafx-sdk-17.0.1\bin\api-ms-win-crt-stdio-l1-1-0.dll
0x0000022dac620000 - 0x0000022dac624000 	D:\Téléchargements\IntelliJ\SDK-JDK\SDK-17-Win\javafx-sdk-17.0.1\bin\api-ms-win-crt-string-l1-1-0.dll
0x0000022dac630000 - 0x0000022dac633000 	D:\Téléchargements\IntelliJ\SDK-JDK\SDK-17-Win\javafx-sdk-17.0.1\bin\api-ms-win-crt-time-l1-1-0.dll
0x0000022dac640000 - 0x0000022dac643000 	D:\Téléchargements\IntelliJ\SDK-JDK\SDK-17-Win\javafx-sdk-17.0.1\bin\api-ms-win-crt-utility-l1-1-0.dll
0x00007ffc75650000 - 0x00007ffc7574c000 	D:\Téléchargements\IntelliJ\SDK-JDK\SDK-17-Win\javafx-sdk-17.0.1\bin\ucrtbase.dll
0x00007ffc9da60000 - 0x00007ffc9da7a000 	D:\Téléchargements\IntelliJ\SDK-JDK\SDK-17-Win\javafx-sdk-17.0.1\bin\vcruntime140.dll
0x00007ffc9da20000 - 0x00007ffc9da2c000 	D:\Téléchargements\IntelliJ\SDK-JDK\SDK-17-Win\javafx-sdk-17.0.1\bin\vcruntime140_1.dll
0x00007ffc8a4b0000 - 0x00007ffc8a53d000 	D:\Téléchargements\IntelliJ\SDK-JDK\SDK-17-Win\javafx-sdk-17.0.1\bin\msvcp140.dll
0x00007ffc8e180000 - 0x00007ffc8e1aa000 	D:\Téléchargements\IntelliJ\SDK-JDK\SDK-17-Win\javafx-sdk-17.0.1\bin\prism_d3d.dll
0x00007ffc7e350000 - 0x00007ffc7e520000 	C:\Windows\system32\d3d9.dll
0x00007ffca6960000 - 0x00007ffca698f000 	C:\Windows\SYSTEM32\dwmapi.dll
0x00007ffca6770000 - 0x00007ffca680e000 	C:\Windows\system32\uxtheme.dll
0x00007ffc8b120000 - 0x00007ffc8b162000 	D:\Téléchargements\IntelliJ\SDK-JDK\SDK-17-Win\javafx-sdk-17.0.1\bin\glass.dll
0x00007ffca9f20000 - 0x00007ffca9ffa000 	C:\Windows\System32\COMDLG32.dll
0x00007ffcaa500000 - 0x00007ffcaa62a000 	C:\Windows\System32\ole32.dll
0x00007ffcaa030000 - 0x00007ffcaa0fd000 	C:\Windows\System32\OLEAUT32.dll
0x00007ffca9ba0000 - 0x00007ffca9cb5000 	C:\Windows\System32\MSCTF.dll
0x00007ffc9d940000 - 0x00007ffc9d954000 	D:\Téléchargements\IntelliJ\SDK-JDK\SDK-17-Win\javafx-sdk-17.0.1\bin\javafx_font.dll
0x00007ffc88a00000 - 0x00007ffc88c83000 	C:\Windows\SYSTEM32\dwrite.dll
0x00007ffcaab70000 - 0x00007ffcaac19000 	C:\Windows\System32\clbcatq.dll
0x00007ffca2ab0000 - 0x00007ffca2c64000 	C:\Windows\SYSTEM32\WindowsCodecs.dll
0x00007ffca9060000 - 0x00007ffca9087000 	C:\Windows\System32\bcrypt.dll
0x00007ffc8f050000 - 0x00007ffc8f149000 	C:\Windows\SYSTEM32\textinputframework.dll
0x00007ffca6460000 - 0x00007ffca6552000 	C:\Windows\System32\CoreMessaging.dll
0x00007ffca5c80000 - 0x00007ffca5fde000 	C:\Windows\System32\CoreUIComponents.dll
0x00007ffca7a50000 - 0x00007ffca7a83000 	C:\Windows\SYSTEM32\ntmarta.dll
0x00007ffca4c90000 - 0x00007ffca4de4000 	C:\Windows\SYSTEM32\wintypes.dll
0x00007ffc9df80000 - 0x00007ffc9dfe6000 	C:\Windows\system32\Oleacc.dll
0x00007ffca0790000 - 0x00007ffca07cb000 	C:\Windows\SYSTEM32\dxcore.dll
0x00007ffca9010000 - 0x00007ffca905e000 	C:\Windows\System32\cfgmgr32.dll

dbghelp: loaded successfully - version: 4.0.5 - missing functions: none
symbol engine: initialized successfully - sym options: 0x614 - pdb path: .;C:\Users\lhost\.jdks\corretto-16.0.2\bin;C:\Windows\SYSTEM32;C:\Windows\WinSxS\amd64_microsoft.windows.common-controls_6595b64144ccf1df_6.0.19041.1110_none_60b5254171f9507e;C:\Users\lhost\.jdks\corretto-16.0.2\bin\server;D:\Téléchargements\IntelliJ\Installation\IntelliJ IDEA Community Edition 2021.2.3\bin;D:\Téléchargements\IntelliJ\SDK-JDK\SDK-17-Win\javafx-sdk-17.0.1\bin

VM Arguments:
jvm_args: --module-path=D:/Téléchargements/IntelliJ/SDK-JDK/SDK-17-Win/javafx-sdk-17.0.1/lib --add-modules=javafx.controls,javafx.fxml -Djava.library.path=D:\Téléchargements\IntelliJ\SDK-JDK\jdk-16.0.2\lib -javaagent:D:\Téléchargements\IntelliJ\Installation\IntelliJ IDEA Community Edition 2021.2.3\lib\idea_rt.jar=52101:D:\Téléchargements\IntelliJ\Installation\IntelliJ IDEA Community Edition 2021.2.3\bin -Dfile.encoding=UTF-8 
java_command: TestMenu
java_class_path (initial): D:\A-Projets\Git\P2\JavaFXChpatata\findCookies\out\test\findCookies;D:\A-Projets\Git\P2\JavaFXChpatata\findCookies\out\production\findCookies;D:\Téléchargements\IntelliJ\SDK-JDK\jdk-16.0.2\lib\src.zip;D:\Téléchargements\IntelliJ\SDK-JDK\jdk-16.0.2\lib\jrt-fs.jar;D:\Téléchargements\IntelliJ\SDK-JDK\SDK-17-Win\javafx-sdk-17.0.1\lib\javafx-swt.jar;D:\Téléchargements\IntelliJ\SDK-JDK\SDK-17-Win\javafx-sdk-17.0.1\lib\javafx.web.jar;D:\Téléchargements\IntelliJ\SDK-JDK\SDK-17-Win\javafx-sdk-17.0.1\lib\javafx.base.jar;D:\Téléchargements\IntelliJ\SDK-JDK\SDK-17-Win\javafx-sdk-17.0.1\lib\javafx.fxml.jar;D:\Téléchargements\IntelliJ\SDK-JDK\SDK-17-Win\javafx-sdk-17.0.1\lib\javafx.media.jar;D:\Téléchargements\IntelliJ\SDK-JDK\SDK-17-Win\javafx-sdk-17.0.1\lib\javafx.swing.jar;D:\Téléchargements\IntelliJ\SDK-JDK\SDK-17-Win\javafx-sdk-17.0.1\lib\javafx.controls.jar;D:\Téléchargements\IntelliJ\SDK-JDK\SDK-17-Win\javafx-sdk-17.0.1\lib\javafx.graphics.jar
Launcher Type: SUN_STANDARD

[Global flags]
     intx CICompilerCount                          = 3                                         {product} {ergonomic}
     uint ConcGCThreads                            = 1                                         {product} {ergonomic}
     uint G1ConcRefinementThreads                  = 4                                         {product} {ergonomic}
   size_t G1HeapRegionSize                         = 1048576                                   {product} {ergonomic}
    uintx GCDrainStackTargetSize                   = 64                                        {product} {ergonomic}
   size_t InitialHeapSize                          = 134217728                                 {product} {ergonomic}
   size_t MarkStackSize                            = 4194304                                   {product} {ergonomic}
   size_t MaxHeapSize                              = 2118123520                                {product} {ergonomic}
   size_t MaxNewSize                               = 1270874112                                {product} {ergonomic}
   size_t MinHeapDeltaBytes                        = 1048576                                   {product} {ergonomic}
   size_t MinHeapSize                              = 8388608                                   {product} {ergonomic}
    uintx NonNMethodCodeHeapSize                   = 5832780                                {pd product} {ergonomic}
    uintx NonProfiledCodeHeapSize                  = 122912730                              {pd product} {ergonomic}
    uintx ProfiledCodeHeapSize                     = 122912730                              {pd product} {ergonomic}
    uintx ReservedCodeCacheSize                    = 251658240                              {pd product} {ergonomic}
     bool SegmentedCodeCache                       = true                                      {product} {ergonomic}
   size_t SoftMaxHeapSize                          = 2118123520                             {manageable} {ergonomic}
     bool UseCompressedClassPointers               = true                           {product lp64_product} {ergonomic}
     bool UseCompressedOops                        = true                           {product lp64_product} {ergonomic}
     bool UseG1GC                                  = true                                      {product} {ergonomic}
     bool UseLargePagesIndividualAllocation        = false                                  {pd product} {ergonomic}

Logging:
Log output configuration:
 #0: stdout all=warning uptime,level,tags
 #1: stderr all=off uptime,level,tags

Environment Variables:
PATH=C:\Python39\Scripts\;C:\Python39\;C:\Program Files (x86)\Common Files\Oracle\Java\javapath;C:\Windows\system32;C:\Windows;C:\Windows\System32\Wbem;C:\Windows\System32\WindowsPowerShell\v1.0\;C:\Windows\System32\OpenSSH\;C:\Program Files\Crucial\Crucial Storage Executive;C:\Program Files\PuTTY\;C:\Program Files\Git\cmd;C:\Program Files\Microsoft SQL Server\130\Tools\Binn\;C:\Program Files\Microsoft SQL Server\Client SDK\ODBC\170\Tools\Binn\;C:\Program Files\TortoiseSVN\bin;D:\Téléchargements\NodeJs\;C:\ProgramData\chocolatey\bin;C:\Program Files (x86)\dotnet\;D:\Téléchargements\Python-3-8-10\Install\Scripts\;D:\Téléchargements\Python-3-8-10\Install\;C:\Users\lhost\AppData\Local\Microsoft\WindowsApps;C:\Users\lhost\AppData\Local\atom\bin;C:\Users\lhost\AppData\Local\GitHubDesktop\bin;C:\Users\lhost\.dotnet\tools;D:\Téléchargements\VSCode\Microsoft VS Code\bin;C:\Users\lhost\AppData\Roaming\npm;D:\Téléchargements\IntelliJ\Installation\IntelliJ IDEA Community Edition 2021.2.3\bin;;
USERNAME=lhost
OS=Windows_NT
PROCESSOR_IDENTIFIER=Intel64 Family 6 Model 58 Stepping 9, GenuineIntel



---------------  S Y S T E M  ---------------

OS:
 Windows 10 , 64 bit Build 19041 (10.0.19041.1466)
OS uptime: 1 days 13:59 hours
Hyper-V role detected

CPU: total 4 (initial active 4) (2 cores per cpu, 2 threads per core) family 6 model 58 stepping 9 microcode 0x21, cx8, cmov, fxsr, ht, mmx, sse, sse2, sse3, ssse3, sse4.1, sse4.2, popcnt, tsc, tscinvbit, avx, aes, erms, clmul, vzeroupper, clflush, hv

Memory: 4k page, system-wide physical 8077M (1123M free)
TotalPageFile size 10929M (AvailPageFile size 198M)
current process WorkingSet (physical memory assigned to process): 293M, peak: 335M
current process commit charge ("private bytes"): 354M, peak: 842M

vm_info: OpenJDK 64-Bit Server VM (16.0.2+7) for windows-amd64 JRE (16.0.2+7), built on Jul 22 2021 01:11:46 by "Administrator" with MS VC++ 15.9 (VS2017)

END.
